#
# There is insufficient memory for the Java Runtime Environment to continue.
# Native memory allocation (malloc) failed to allocate 295872 bytes for Chunk::new
# Possible reasons:
#   The system is out of physical RAM or swap space
#   The process is running with CompressedOops enabled, and the Java Heap may be blocking the growth of the native heap
# Possible solutions:
#   Reduce memory load on the system
#   Increase physical memory or swap space
#   Check if swap backing store is full
#   Decrease Java heap size (-Xmx/-Xms)
#   Decrease number of Java threads
#   Decrease Java thread stack sizes (-Xss)
#   Set larger code cache with -XX:ReservedCodeCacheSize=
#   JVM is running with Unscaled Compressed Oops mode in which the Java heap is
#     placed in the first 4GB address space. The Java Heap base address is the
#     maximum limit for the native heap growth. Please use -XX:HeapBaseMinAddress
#     to set the Java Heap base and to place the Java Heap above 4GB virtual address.
# This output file may be truncated or incomplete.
#
#  Out of Memory Error (arena.cpp:189), pid=17424, tid=12600
#
# JRE version: Java(TM) SE Runtime Environment (17.0.2+8) (build 17.0.2+8-LTS-86)
# Java VM: Java HotSpot(TM) 64-Bit Server VM (17.0.2+8-LTS-86, mixed mode, sharing, tiered, compressed oops, compressed class ptrs, g1 gc, windows-amd64)
# No core dump will be written. Minidumps are not enabled by default on client versions of Windows
#

---------------  S U M M A R Y ------------

Command Line: -Dfile.encoding=UTF-8 --module-path=C:\Users\hp\Documents\NetBeansProjects\Electricity Billing System\build\classes electricity.billing.system.ViewInformation

Host: Intel(R) Core(TM) i5-6300U CPU @ 2.40GHz, 4 cores, 7G,  Windows 10 , 64 bit Build 19041 (10.0.19041.3636)
Time: Fri Dec  1 19:04:11 2023 Pakistan Standard Time elapsed time: 0.871721 seconds (0d 0h 0m 0s)

---------------  T H R E A D  ---------------

Current thread (0x000001d1a7afb050):  JavaThread "main" [_thread_in_vm, id=12600, stack(0x0000002398900000,0x0000002398a00000)]

Stack: [0x0000002398900000,0x0000002398a00000]
Native frames: (J=compiled Java code, j=interpreted, Vv=VM code, C=native code)
V  [jvm.dll+0x670baa]
V  [jvm.dll+0x7cfcb4]
V  [jvm.dll+0x7d145e]
V  [jvm.dll+0x7d1ac3]
V  [jvm.dll+0x242bc5]
V  [jvm.dll+0xaa57b]
V  [jvm.dll+0xaab0c]
V  [jvm.dll+0x1efc3a]
V  [jvm.dll+0x1ee9d2]
V  [jvm.dll+0x74a15b]
V  [jvm.dll+0x74b502]
V  [jvm.dll+0x74b838]
V  [jvm.dll+0x410058]
C  [java.dll+0x13e9]

Java frames: (J=compiled Java code, j=interpreted, Vv=VM code)
j  java.lang.Class.forName0(Ljava/lang/String;ZLjava/lang/ClassLoader;Ljava/lang/Class;)Ljava/lang/Class;+0 java.base@17.0.2
j  java.lang.Class.forName(Ljava/lang/String;ZLjava/lang/ClassLoader;)Ljava/lang/Class;+43 java.base@17.0.2
j  sun.nio.cs.StandardCharsets.lookup(Ljava/lang/String;)Ljava/nio/charset/Charset;+122 java.base@17.0.2
j  sun.nio.cs.StandardCharsets.charsetForName(Ljava/lang/String;)Ljava/nio/charset/Charset;+6 java.base@17.0.2
j  java.nio.charset.Charset.lookup2(Ljava/lang/String;)Ljava/nio/charset/Charset;+39 java.base@17.0.2
j  java.nio.charset.Charset.lookup(Ljava/lang/String;)Ljava/nio/charset/Charset;+40 java.base@17.0.2
j  java.nio.charset.Charset.forName(Ljava/lang/String;)Ljava/nio/charset/Charset;+1 java.base@17.0.2
j  com.mysql.cj.MysqlCharset.<init>(Ljava/lang/String;II[Ljava/lang/String;Lcom/mysql/cj/ServerVersion;)V+50
j  com.mysql.cj.CharsetMapping.<clinit>()V+247
v  ~StubRoutines::call_stub
j  com.mysql.cj.protocol.a.NativeProtocol.beforeHandshake()V+28
j  com.mysql.cj.protocol.a.NativeProtocol.connect(Ljava/lang/String;Ljava/lang/String;Ljava/lang/String;)V+1
j  com.mysql.cj.NativeSession.connect(Lcom/mysql/cj/conf/HostInfo;Ljava/lang/String;Ljava/lang/String;Ljava/lang/String;ILcom/mysql/cj/TransactionEventHandler;)V+110
j  com.mysql.cj.jdbc.ConnectionImpl.connectOneTryOnly(Z)V+32
j  com.mysql.cj.jdbc.ConnectionImpl.createNewIO(Z)V+27
j  com.mysql.cj.jdbc.ConnectionImpl.<init>(Lcom/mysql/cj/conf/HostInfo;)V+753
j  com.mysql.cj.jdbc.ConnectionImpl.getInstance(Lcom/mysql/cj/conf/HostInfo;)Lcom/mysql/cj/jdbc/JdbcConnection;+5
j  com.mysql.cj.jdbc.NonRegisteringDriver.connect(Ljava/lang/String;Ljava/util/Properties;)Ljava/sql/Connection;+72
j  java.sql.DriverManager.getConnection(Ljava/lang/String;Ljava/util/Properties;Ljava/lang/Class;)Ljava/sql/Connection;+131 java.sql@17.0.2
j  java.sql.DriverManager.getConnection(Ljava/lang/String;Ljava/lang/String;Ljava/lang/String;)Ljava/sql/Connection;+37 java.sql@17.0.2
j  electricity.billing.system.Conn.<init>()V+11
j  electricity.billing.system.ViewInformation.<init>(Ljava/lang/String;)V+534
j  electricity.billing.system.ViewInformation.main([Ljava/lang/String;)V+6
v  ~StubRoutines::call_stub

---------------  P R O C E S S  ---------------

Threads class SMR info:
_java_thread_list=0x000001d1c60764d0, length=17, elements={
0x000001d1a7afb050, 0x000001d1c52e2910, 0x000001d1c52e3e30, 0x000001d1c52f4830,
0x000001d1c52f6100, 0x000001d1c52f7160, 0x000001d1c52fa200, 0x000001d1c52f9550,
0x000001d1c52fe3f0, 0x000001d1c530b0f0, 0x000001d1c5d56f00, 0x000001d1c5dc7d00,
0x000001d1c5fb4780, 0x000001d1c5fb4c50, 0x000001d1c5fba9f0, 0x000001d1c5ffdb00,
0x000001d1c6065380
}

Java Threads: ( => current thread )
=>0x000001d1a7afb050 JavaThread "main" [_thread_in_vm, id=12600, stack(0x0000002398900000,0x0000002398a00000)]
  0x000001d1c52e2910 JavaThread "Reference Handler" daemon [_thread_blocked, id=4780, stack(0x0000002399000000,0x0000002399100000)]
  0x000001d1c52e3e30 JavaThread "Finalizer" daemon [_thread_blocked, id=2340, stack(0x0000002399100000,0x0000002399200000)]
  0x000001d1c52f4830 JavaThread "Signal Dispatcher" daemon [_thread_blocked, id=16100, stack(0x0000002399200000,0x0000002399300000)]
  0x000001d1c52f6100 JavaThread "Attach Listener" daemon [_thread_blocked, id=15892, stack(0x0000002399300000,0x0000002399400000)]
  0x000001d1c52f7160 JavaThread "Service Thread" daemon [_thread_blocked, id=1940, stack(0x0000002399400000,0x0000002399500000)]
  0x000001d1c52fa200 JavaThread "Monitor Deflation Thread" daemon [_thread_blocked, id=16152, stack(0x0000002399500000,0x0000002399600000)]
  0x000001d1c52f9550 JavaThread "C2 CompilerThread0" daemon [_thread_blocked, id=17336, stack(0x0000002399600000,0x0000002399700000)]
  0x000001d1c52fe3f0 JavaThread "C1 CompilerThread0" daemon [_thread_blocked, id=14988, stack(0x0000002399700000,0x0000002399800000)]
  0x000001d1c530b0f0 JavaThread "Sweeper thread" daemon [_thread_blocked, id=12268, stack(0x0000002399800000,0x0000002399900000)]
  0x000001d1c5d56f00 JavaThread "Common-Cleaner" daemon [_thread_blocked, id=11788, stack(0x0000002399900000,0x0000002399a00000)]
  0x000001d1c5dc7d00 JavaThread "Notification Thread" daemon [_thread_blocked, id=9892, stack(0x0000002399a00000,0x0000002399b00000)]
  0x000001d1c5fb4780 JavaThread "Java2D Disposer" daemon [_thread_blocked, id=6940, stack(0x0000002399c00000,0x0000002399d00000)]
  0x000001d1c5fb4c50 JavaThread "AWT-Shutdown" [_thread_blocked, id=16668, stack(0x0000002399d00000,0x0000002399e00000)]
  0x000001d1c5fba9f0 JavaThread "AWT-Windows" daemon [_thread_in_native, id=6848, stack(0x0000002399e00000,0x0000002399f00000)]
  0x000001d1c5ffdb00 JavaThread "mysql-cj-abandoned-connection-cleanup" daemon [_thread_blocked, id=18792, stack(0x0000002399f00000,0x000000239a000000)]
  0x000001d1c6065380 JavaThread "C2 CompilerThread1" daemon [_thread_blocked, id=8008, stack(0x000000239a000000,0x000000239a100000)]

Other Threads:
  0x000001d1c52da990 VMThread "VM Thread" [stack: 0x0000002398f00000,0x0000002399000000] [id=9188]
  0x000001d1c5dc81d0 WatcherThread [stack: 0x0000002399b00000,0x0000002399c00000] [id=5456]
  0x000001d1a7b3ad10 GCTaskThread "GC Thread#0" [stack: 0x0000002398a00000,0x0000002398b00000] [id=5812]
  0x000001d1a7b4b7e0 ConcurrentGCThread "G1 Main Marker" [stack: 0x0000002398b00000,0x0000002398c00000] [id=15568]
  0x000001d1a7b4c100 ConcurrentGCThread "G1 Conc#0" [stack: 0x0000002398c00000,0x0000002398d00000] [id=13384]
  0x000001d1a7bc1530 ConcurrentGCThread "G1 Refine#0" [stack: 0x0000002398d00000,0x0000002398e00000] [id=676]
  0x000001d1a7bc1e60 ConcurrentGCThread "G1 Service" [stack: 0x0000002398e00000,0x0000002398f00000] [id=16888]

Threads with active compile tasks:

VM state: not at safepoint (normal execution)

VM Mutex/Monitor currently owned by a thread: None

Heap address: 0x0000000081c00000, size: 2020 MB, Compressed Oops mode: 32-bit

CDS archive(s) mapped at: [0x0000000800000000-0x0000000800bc0000-0x0000000800bc0000), size 12320768, SharedBaseAddress: 0x0000000800000000, ArchiveRelocationMode: 0.
Compressed class space mapped at: 0x0000000800c00000-0x0000000840c00000, reserved size: 1073741824
Narrow klass base: 0x0000000800000000, Narrow klass shift: 0, Narrow klass range: 0x100000000

GC Precious Log:
 CPUs: 4 total, 4 available
 Memory: 8072M
 Large Page Support: Disabled
 NUMA Support: Disabled
 Compressed Oops: Enabled (32-bit)
 Heap Region Size: 1M
 Heap Min Capacity: 8M
 Heap Initial Capacity: 128M
 Heap Max Capacity: 2020M
 Pre-touch: Disabled
 Parallel Workers: 4
 Concurrent Workers: 1
 Concurrent Refinement Workers: 4
 Periodic GC: Disabled

Heap:
 garbage-first heap   total 131072K, used 10240K [0x0000000081c00000, 0x0000000100000000)
  region size 1024K, 11 young (11264K), 0 survivors (0K)
 Metaspace       used 6971K, committed 7168K, reserved 1056768K
  class space    used 727K, committed 832K, reserved 1048576K

Heap Regions: E=young(eden), S=young(survivor), O=old, HS=humongous(starts), HC=humongous(continues), CS=collection set, F=free, OA=open archive, CA=closed archive, TAMS=top-at-mark-start (previous, next)
|   0|0x0000000081c00000, 0x0000000081c00000, 0x0000000081d00000|  0%| F|  |TAMS 0x0000000081c00000, 0x0000000081c00000| Untracked 
|   1|0x0000000081d00000, 0x0000000081d00000, 0x0000000081e00000|  0%| F|  |TAMS 0x0000000081d00000, 0x0000000081d00000| Untracked 
|   2|0x0000000081e00000, 0x0000000081e00000, 0x0000000081f00000|  0%| F|  |TAMS 0x0000000081e00000, 0x0000000081e00000| Untracked 
|   3|0x0000000081f00000, 0x0000000081f00000, 0x0000000082000000|  0%| F|  |TAMS 0x0000000081f00000, 0x0000000081f00000| Untracked 
|   4|0x0000000082000000, 0x0000000082000000, 0x0000000082100000|  0%| F|  |TAMS 0x0000000082000000, 0x0000000082000000| Untracked 
|   5|0x0000000082100000, 0x0000000082100000, 0x0000000082200000|  0%| F|  |TAMS 0x0000000082100000, 0x0000000082100000| Untracked 
|   6|0x0000000082200000, 0x0000000082200000, 0x0000000082300000|  0%| F|  |TAMS 0x0000000082200000, 0x0000000082200000| Untracked 
|   7|0x0000000082300000, 0x0000000082300000, 0x0000000082400000|  0%| F|  |TAMS 0x0000000082300000, 0x0000000082300000| Untracked 
|   8|0x0000000082400000, 0x0000000082400000, 0x0000000082500000|  0%| F|  |TAMS 0x0000000082400000, 0x0000000082400000| Untracked 
|   9|0x0000000082500000, 0x0000000082500000, 0x0000000082600000|  0%| F|  |TAMS 0x0000000082500000, 0x0000000082500000| Untracked 
|  10|0x0000000082600000, 0x0000000082600000, 0x0000000082700000|  0%| F|  |TAMS 0x0000000082600000, 0x0000000082600000| Untracked 
|  11|0x0000000082700000, 0x0000000082700000, 0x0000000082800000|  0%| F|  |TAMS 0x0000000082700000, 0x0000000082700000| Untracked 
|  12|0x0000000082800000, 0x0000000082800000, 0x0000000082900000|  0%| F|  |TAMS 0x0000000082800000, 0x0000000082800000| Untracked 
|  13|0x0000000082900000, 0x0000000082900000, 0x0000000082a00000|  0%| F|  |TAMS 0x0000000082900000, 0x0000000082900000| Untracked 
|  14|0x0000000082a00000, 0x0000000082a00000, 0x0000000082b00000|  0%| F|  |TAMS 0x0000000082a00000, 0x0000000082a00000| Untracked 
|  15|0x0000000082b00000, 0x0000000082b00000, 0x0000000082c00000|  0%| F|  |TAMS 0x0000000082b00000, 0x0000000082b00000| Untracked 
|  16|0x0000000082c00000, 0x0000000082c00000, 0x0000000082d00000|  0%| F|  |TAMS 0x0000000082c00000, 0x0000000082c00000| Untracked 
|  17|0x0000000082d00000, 0x0000000082d00000, 0x0000000082e00000|  0%| F|  |TAMS 0x0000000082d00000, 0x0000000082d00000| Untracked 
|  18|0x0000000082e00000, 0x0000000082e00000, 0x0000000082f00000|  0%| F|  |TAMS 0x0000000082e00000, 0x0000000082e00000| Untracked 
|  19|0x0000000082f00000, 0x0000000082f00000, 0x0000000083000000|  0%| F|  |TAMS 0x0000000082f00000, 0x0000000082f00000| Untracked 
|  20|0x0000000083000000, 0x0000000083000000, 0x0000000083100000|  0%| F|  |TAMS 0x0000000083000000, 0x0000000083000000| Untracked 
|  21|0x0000000083100000, 0x0000000083100000, 0x0000000083200000|  0%| F|  |TAMS 0x0000000083100000, 0x0000000083100000| Untracked 
|  22|0x0000000083200000, 0x0000000083200000, 0x0000000083300000|  0%| F|  |TAMS 0x0000000083200000, 0x0000000083200000| Untracked 
|  23|0x0000000083300000, 0x0000000083300000, 0x0000000083400000|  0%| F|  |TAMS 0x0000000083300000, 0x0000000083300000| Untracked 
|  24|0x0000000083400000, 0x0000000083400000, 0x0000000083500000|  0%| F|  |TAMS 0x0000000083400000, 0x0000000083400000| Untracked 
|  25|0x0000000083500000, 0x0000000083500000, 0x0000000083600000|  0%| F|  |TAMS 0x0000000083500000, 0x0000000083500000| Untracked 
|  26|0x0000000083600000, 0x0000000083600000, 0x0000000083700000|  0%| F|  |TAMS 0x0000000083600000, 0x0000000083600000| Untracked 
|  27|0x0000000083700000, 0x0000000083700000, 0x0000000083800000|  0%| F|  |TAMS 0x0000000083700000, 0x0000000083700000| Untracked 
|  28|0x0000000083800000, 0x0000000083800000, 0x0000000083900000|  0%| F|  |TAMS 0x0000000083800000, 0x0000000083800000| Untracked 
|  29|0x0000000083900000, 0x0000000083900000, 0x0000000083a00000|  0%| F|  |TAMS 0x0000000083900000, 0x0000000083900000| Untracked 
|  30|0x0000000083a00000, 0x0000000083a00000, 0x0000000083b00000|  0%| F|  |TAMS 0x0000000083a00000, 0x0000000083a00000| Untracked 
|  31|0x0000000083b00000, 0x0000000083b00000, 0x0000000083c00000|  0%| F|  |TAMS 0x0000000083b00000, 0x0000000083b00000| Untracked 
|  32|0x0000000083c00000, 0x0000000083c00000, 0x0000000083d00000|  0%| F|  |TAMS 0x0000000083c00000, 0x0000000083c00000| Untracked 
|  33|0x0000000083d00000, 0x0000000083d00000, 0x0000000083e00000|  0%| F|  |TAMS 0x0000000083d00000, 0x0000000083d00000| Untracked 
|  34|0x0000000083e00000, 0x0000000083e00000, 0x0000000083f00000|  0%| F|  |TAMS 0x0000000083e00000, 0x0000000083e00000| Untracked 
|  35|0x0000000083f00000, 0x0000000083f00000, 0x0000000084000000|  0%| F|  |TAMS 0x0000000083f00000, 0x0000000083f00000| Untracked 
|  36|0x0000000084000000, 0x0000000084000000, 0x0000000084100000|  0%| F|  |TAMS 0x0000000084000000, 0x0000000084000000| Untracked 
|  37|0x0000000084100000, 0x0000000084100000, 0x0000000084200000|  0%| F|  |TAMS 0x0000000084100000, 0x0000000084100000| Untracked 
|  38|0x0000000084200000, 0x0000000084200000, 0x0000000084300000|  0%| F|  |TAMS 0x0000000084200000, 0x0000000084200000| Untracked 
|  39|0x0000000084300000, 0x0000000084300000, 0x0000000084400000|  0%| F|  |TAMS 0x0000000084300000, 0x0000000084300000| Untracked 
|  40|0x0000000084400000, 0x0000000084400000, 0x0000000084500000|  0%| F|  |TAMS 0x0000000084400000, 0x0000000084400000| Untracked 
|  41|0x0000000084500000, 0x0000000084500000, 0x0000000084600000|  0%| F|  |TAMS 0x0000000084500000, 0x0000000084500000| Untracked 
|  42|0x0000000084600000, 0x0000000084600000, 0x0000000084700000|  0%| F|  |TAMS 0x0000000084600000, 0x0000000084600000| Untracked 
|  43|0x0000000084700000, 0x0000000084700000, 0x0000000084800000|  0%| F|  |TAMS 0x0000000084700000, 0x0000000084700000| Untracked 
|  44|0x0000000084800000, 0x0000000084800000, 0x0000000084900000|  0%| F|  |TAMS 0x0000000084800000, 0x0000000084800000| Untracked 
|  45|0x0000000084900000, 0x0000000084900000, 0x0000000084a00000|  0%| F|  |TAMS 0x0000000084900000, 0x0000000084900000| Untracked 
|  46|0x0000000084a00000, 0x0000000084a00000, 0x0000000084b00000|  0%| F|  |TAMS 0x0000000084a00000, 0x0000000084a00000| Untracked 
|  47|0x0000000084b00000, 0x0000000084b00000, 0x0000000084c00000|  0%| F|  |TAMS 0x0000000084b00000, 0x0000000084b00000| Untracked 
|  48|0x0000000084c00000, 0x0000000084c00000, 0x0000000084d00000|  0%| F|  |TAMS 0x0000000084c00000, 0x0000000084c00000| Untracked 
|  49|0x0000000084d00000, 0x0000000084d00000, 0x0000000084e00000|  0%| F|  |TAMS 0x0000000084d00000, 0x0000000084d00000| Untracked 
|  50|0x0000000084e00000, 0x0000000084e00000, 0x0000000084f00000|  0%| F|  |TAMS 0x0000000084e00000, 0x0000000084e00000| Untracked 
|  51|0x0000000084f00000, 0x0000000084f00000, 0x0000000085000000|  0%| F|  |TAMS 0x0000000084f00000, 0x0000000084f00000| Untracked 
|  52|0x0000000085000000, 0x0000000085000000, 0x0000000085100000|  0%| F|  |TAMS 0x0000000085000000, 0x0000000085000000| Untracked 
|  53|0x0000000085100000, 0x0000000085100000, 0x0000000085200000|  0%| F|  |TAMS 0x0000000085100000, 0x0000000085100000| Untracked 
|  54|0x0000000085200000, 0x0000000085200000, 0x0000000085300000|  0%| F|  |TAMS 0x0000000085200000, 0x0000000085200000| Untracked 
|  55|0x0000000085300000, 0x0000000085300000, 0x0000000085400000|  0%| F|  |TAMS 0x0000000085300000, 0x0000000085300000| Untracked 
|  56|0x0000000085400000, 0x0000000085400000, 0x0000000085500000|  0%| F|  |TAMS 0x0000000085400000, 0x0000000085400000| Untracked 
|  57|0x0000000085500000, 0x0000000085500000, 0x0000000085600000|  0%| F|  |TAMS 0x0000000085500000, 0x0000000085500000| Untracked 
|  58|0x0000000085600000, 0x0000000085600000, 0x0000000085700000|  0%| F|  |TAMS 0x0000000085600000, 0x0000000085600000| Untracked 
|  59|0x0000000085700000, 0x0000000085700000, 0x0000000085800000|  0%| F|  |TAMS 0x0000000085700000, 0x0000000085700000| Untracked 
|  60|0x0000000085800000, 0x0000000085800000, 0x0000000085900000|  0%| F|  |TAMS 0x0000000085800000, 0x0000000085800000| Untracked 
|  61|0x0000000085900000, 0x0000000085900000, 0x0000000085a00000|  0%| F|  |TAMS 0x0000000085900000, 0x0000000085900000| Untracked 
|  62|0x0000000085a00000, 0x0000000085a00000, 0x0000000085b00000|  0%| F|  |TAMS 0x0000000085a00000, 0x0000000085a00000| Untracked 
|  63|0x0000000085b00000, 0x0000000085b00000, 0x0000000085c00000|  0%| F|  |TAMS 0x0000000085b00000, 0x0000000085b00000| Untracked 
|  64|0x0000000085c00000, 0x0000000085c00000, 0x0000000085d00000|  0%| F|  |TAMS 0x0000000085c00000, 0x0000000085c00000| Untracked 
|  65|0x0000000085d00000, 0x0000000085d00000, 0x0000000085e00000|  0%| F|  |TAMS 0x0000000085d00000, 0x0000000085d00000| Untracked 
|  66|0x0000000085e00000, 0x0000000085e00000, 0x0000000085f00000|  0%| F|  |TAMS 0x0000000085e00000, 0x0000000085e00000| Untracked 
|  67|0x0000000085f00000, 0x0000000085f00000, 0x0000000086000000|  0%| F|  |TAMS 0x0000000085f00000, 0x0000000085f00000| Untracked 
|  68|0x0000000086000000, 0x0000000086000000, 0x0000000086100000|  0%| F|  |TAMS 0x0000000086000000, 0x0000000086000000| Untracked 
|  69|0x0000000086100000, 0x0000000086100000, 0x0000000086200000|  0%| F|  |TAMS 0x0000000086100000, 0x0000000086100000| Untracked 
|  70|0x0000000086200000, 0x0000000086200000, 0x0000000086300000|  0%| F|  |TAMS 0x0000000086200000, 0x0000000086200000| Untracked 
|  71|0x0000000086300000, 0x0000000086300000, 0x0000000086400000|  0%| F|  |TAMS 0x0000000086300000, 0x0000000086300000| Untracked 
|  72|0x0000000086400000, 0x0000000086400000, 0x0000000086500000|  0%| F|  |TAMS 0x0000000086400000, 0x0000000086400000| Untracked 
|  73|0x0000000086500000, 0x0000000086500000, 0x0000000086600000|  0%| F|  |TAMS 0x0000000086500000, 0x0000000086500000| Untracked 
|  74|0x0000000086600000, 0x0000000086600000, 0x0000000086700000|  0%| F|  |TAMS 0x0000000086600000, 0x0000000086600000| Untracked 
|  75|0x0000000086700000, 0x0000000086700000, 0x0000000086800000|  0%| F|  |TAMS 0x0000000086700000, 0x0000000086700000| Untracked 
|  76|0x0000000086800000, 0x0000000086800000, 0x0000000086900000|  0%| F|  |TAMS 0x0000000086800000, 0x0000000086800000| Untracked 
|  77|0x0000000086900000, 0x0000000086900000, 0x0000000086a00000|  0%| F|  |TAMS 0x0000000086900000, 0x0000000086900000| Untracked 
|  78|0x0000000086a00000, 0x0000000086a00000, 0x0000000086b00000|  0%| F|  |TAMS 0x0000000086a00000, 0x0000000086a00000| Untracked 
|  79|0x0000000086b00000, 0x0000000086b00000, 0x0000000086c00000|  0%| F|  |TAMS 0x0000000086b00000, 0x0000000086b00000| Untracked 
|  80|0x0000000086c00000, 0x0000000086c00000, 0x0000000086d00000|  0%| F|  |TAMS 0x0000000086c00000, 0x0000000086c00000| Untracked 
|  81|0x0000000086d00000, 0x0000000086d00000, 0x0000000086e00000|  0%| F|  |TAMS 0x0000000086d00000, 0x0000000086d00000| Untracked 
|  82|0x0000000086e00000, 0x0000000086e00000, 0x0000000086f00000|  0%| F|  |TAMS 0x0000000086e00000, 0x0000000086e00000| Untracked 
|  83|0x0000000086f00000, 0x0000000086f00000, 0x0000000087000000|  0%| F|  |TAMS 0x0000000086f00000, 0x0000000086f00000| Untracked 
|  84|0x0000000087000000, 0x0000000087000000, 0x0000000087100000|  0%| F|  |TAMS 0x0000000087000000, 0x0000000087000000| Untracked 
|  85|0x0000000087100000, 0x0000000087100000, 0x0000000087200000|  0%| F|  |TAMS 0x0000000087100000, 0x0000000087100000| Untracked 
|  86|0x0000000087200000, 0x0000000087200000, 0x0000000087300000|  0%| F|  |TAMS 0x0000000087200000, 0x0000000087200000| Untracked 
|  87|0x0000000087300000, 0x0000000087300000, 0x0000000087400000|  0%| F|  |TAMS 0x0000000087300000, 0x0000000087300000| Untracked 
|  88|0x0000000087400000, 0x0000000087400000, 0x0000000087500000|  0%| F|  |TAMS 0x0000000087400000, 0x0000000087400000| Untracked 
|  89|0x0000000087500000, 0x0000000087500000, 0x0000000087600000|  0%| F|  |TAMS 0x0000000087500000, 0x0000000087500000| Untracked 
|  90|0x0000000087600000, 0x0000000087600000, 0x0000000087700000|  0%| F|  |TAMS 0x0000000087600000, 0x0000000087600000| Untracked 
|  91|0x0000000087700000, 0x0000000087700000, 0x0000000087800000|  0%| F|  |TAMS 0x0000000087700000, 0x0000000087700000| Untracked 
|  92|0x0000000087800000, 0x0000000087800000, 0x0000000087900000|  0%| F|  |TAMS 0x0000000087800000, 0x0000000087800000| Untracked 
|  93|0x0000000087900000, 0x0000000087900000, 0x0000000087a00000|  0%| F|  |TAMS 0x0000000087900000, 0x0000000087900000| Untracked 
|  94|0x0000000087a00000, 0x0000000087a00000, 0x0000000087b00000|  0%| F|  |TAMS 0x0000000087a00000, 0x0000000087a00000| Untracked 
|  95|0x0000000087b00000, 0x0000000087b00000, 0x0000000087c00000|  0%| F|  |TAMS 0x0000000087b00000, 0x0000000087b00000| Untracked 
|  96|0x0000000087c00000, 0x0000000087c00000, 0x0000000087d00000|  0%| F|  |TAMS 0x0000000087c00000, 0x0000000087c00000| Untracked 
|  97|0x0000000087d00000, 0x0000000087d00000, 0x0000000087e00000|  0%| F|  |TAMS 0x0000000087d00000, 0x0000000087d00000| Untracked 
|  98|0x0000000087e00000, 0x0000000087e00000, 0x0000000087f00000|  0%| F|  |TAMS 0x0000000087e00000, 0x0000000087e00000| Untracked 
|  99|0x0000000087f00000, 0x0000000087f00000, 0x0000000088000000|  0%| F|  |TAMS 0x0000000087f00000, 0x0000000087f00000| Untracked 
| 100|0x0000000088000000, 0x0000000088000000, 0x0000000088100000|  0%| F|  |TAMS 0x0000000088000000, 0x0000000088000000| Untracked 
| 101|0x0000000088100000, 0x0000000088100000, 0x0000000088200000|  0%| F|  |TAMS 0x0000000088100000, 0x0000000088100000| Untracked 
| 102|0x0000000088200000, 0x0000000088200000, 0x0000000088300000|  0%| F|  |TAMS 0x0000000088200000, 0x0000000088200000| Untracked 
| 103|0x0000000088300000, 0x0000000088300000, 0x0000000088400000|  0%| F|  |TAMS 0x0000000088300000, 0x0000000088300000| Untracked 
| 104|0x0000000088400000, 0x0000000088400000, 0x0000000088500000|  0%| F|  |TAMS 0x0000000088400000, 0x0000000088400000| Untracked 
| 105|0x0000000088500000, 0x0000000088500000, 0x0000000088600000|  0%| F|  |TAMS 0x0000000088500000, 0x0000000088500000| Untracked 
| 106|0x0000000088600000, 0x0000000088600000, 0x0000000088700000|  0%| F|  |TAMS 0x0000000088600000, 0x0000000088600000| Untracked 
| 107|0x0000000088700000, 0x0000000088700000, 0x0000000088800000|  0%| F|  |TAMS 0x0000000088700000, 0x0000000088700000| Untracked 
| 108|0x0000000088800000, 0x0000000088800000, 0x0000000088900000|  0%| F|  |TAMS 0x0000000088800000, 0x0000000088800000| Untracked 
| 109|0x0000000088900000, 0x0000000088900000, 0x0000000088a00000|  0%| F|  |TAMS 0x0000000088900000, 0x0000000088900000| Untracked 
| 110|0x0000000088a00000, 0x0000000088a00000, 0x0000000088b00000|  0%| F|  |TAMS 0x0000000088a00000, 0x0000000088a00000| Untracked 
| 111|0x0000000088b00000, 0x0000000088b00000, 0x0000000088c00000|  0%| F|  |TAMS 0x0000000088b00000, 0x0000000088b00000| Untracked 
| 112|0x0000000088c00000, 0x0000000088c00000, 0x0000000088d00000|  0%| F|  |TAMS 0x0000000088c00000, 0x0000000088c00000| Untracked 
| 113|0x0000000088d00000, 0x0000000088d00000, 0x0000000088e00000|  0%| F|  |TAMS 0x0000000088d00000, 0x0000000088d00000| Untracked 
| 114|0x0000000088e00000, 0x0000000088e00000, 0x0000000088f00000|  0%| F|  |TAMS 0x0000000088e00000, 0x0000000088e00000| Untracked 
| 115|0x0000000088f00000, 0x0000000088f00000, 0x0000000089000000|  0%| F|  |TAMS 0x0000000088f00000, 0x0000000088f00000| Untracked 
| 116|0x0000000089000000, 0x0000000089000000, 0x0000000089100000|  0%| F|  |TAMS 0x0000000089000000, 0x0000000089000000| Untracked 
| 117|0x0000000089100000, 0x0000000089148758, 0x0000000089200000| 28%| E|  |TAMS 0x0000000089100000, 0x0000000089100000| Complete 
| 118|0x0000000089200000, 0x0000000089300000, 0x0000000089300000|100%| E|CS|TAMS 0x0000000089200000, 0x0000000089200000| Complete 
| 119|0x0000000089300000, 0x0000000089400000, 0x0000000089400000|100%| E|CS|TAMS 0x0000000089300000, 0x0000000089300000| Complete 
| 120|0x0000000089400000, 0x0000000089500000, 0x0000000089500000|100%| E|CS|TAMS 0x0000000089400000, 0x0000000089400000| Complete 
| 121|0x0000000089500000, 0x0000000089600000, 0x0000000089600000|100%| E|CS|TAMS 0x0000000089500000, 0x0000000089500000| Complete 
| 122|0x0000000089600000, 0x0000000089700000, 0x0000000089700000|100%| E|CS|TAMS 0x0000000089600000, 0x0000000089600000| Complete 
| 123|0x0000000089700000, 0x0000000089800000, 0x0000000089800000|100%| E|CS|TAMS 0x0000000089700000, 0x0000000089700000| Complete 
| 124|0x0000000089800000, 0x0000000089900000, 0x0000000089900000|100%| E|CS|TAMS 0x0000000089800000, 0x0000000089800000| Complete 
| 125|0x0000000089900000, 0x0000000089a00000, 0x0000000089a00000|100%| E|CS|TAMS 0x0000000089900000, 0x0000000089900000| Complete 
| 126|0x0000000089a00000, 0x0000000089b00000, 0x0000000089b00000|100%| E|CS|TAMS 0x0000000089a00000, 0x0000000089a00000| Complete 
| 127|0x0000000089b00000, 0x0000000089c00000, 0x0000000089c00000|100%| E|CS|TAMS 0x0000000089b00000, 0x0000000089b00000| Complete 

Card table byte_map: [0x000001d1be760000,0x000001d1beb60000] _byte_map_base: 0x000001d1be352000

Marking Bits (Prev, Next): (CMBitMap*) 0x000001d1a7b3b230, (CMBitMap*) 0x000001d1a7b3b270
 Prev Bits: [0x000001d1bef60000, 0x000001d1c0ef0000)
 Next Bits: [0x000001d1c0ef0000, 0x000001d1c2e80000)

Polling page: 0x000001d1a72e0000

Metaspace:

Usage:
  Non-class:      6.10 MB used.
      Class:    727.10 KB used.
       Both:      6.81 MB used.

Virtual space:
  Non-class space:        8.00 MB reserved,       6.19 MB ( 77%) committed,  1 nodes.
      Class space:        1.00 GB reserved,     832.00 KB ( <1%) committed,  1 nodes.
             Both:        1.01 GB reserved,       7.00 MB ( <1%) committed. 

Chunk freelists:
   Non-Class:  1.25 MB
       Class:  3.08 MB
        Both:  4.33 MB

MaxMetaspaceSize: unlimited
CompressedClassSpaceSize: 1.00 GB
Initial GC threshold: 21.00 MB
Current GC threshold: 21.00 MB
CDS: on
MetaspaceReclaimPolicy: balanced
 - commit_granule_bytes: 65536.
 - commit_granule_words: 8192.
 - virtual_space_node_default_size: 1048576.
 - enlarge_chunks_in_place: 1.
 - new_chunks_are_fully_committed: 0.
 - uncommit_free_chunks: 1.
 - use_allocation_guard: 0.
 - handle_deallocations: 1.


Internal statistics:

num_allocs_failed_limit: 0.
num_arena_births: 110.
num_arena_deaths: 0.
num_vsnodes_births: 2.
num_vsnodes_deaths: 0.
num_space_committed: 112.
num_space_uncommitted: 0.
num_chunks_returned_to_freelist: 0.
num_chunks_taken_from_freelist: 225.
num_chunk_merges: 0.
num_chunk_splits: 142.
num_chunks_enlarged: 77.
num_purges: 0.
num_inconsistent_stats: 0.

CodeHeap 'non-profiled nmethods': size=120000Kb used=271Kb max_used=271Kb free=119728Kb
 bounds [0x000001d1b6e30000, 0x000001d1b70a0000, 0x000001d1be360000]
CodeHeap 'profiled nmethods': size=120000Kb used=1232Kb max_used=1232Kb free=118767Kb
 bounds [0x000001d1af900000, 0x000001d1afb70000, 0x000001d1b6e30000]
CodeHeap 'non-nmethods': size=5760Kb used=1229Kb max_used=1258Kb free=4531Kb
 bounds [0x000001d1af360000, 0x000001d1af5d0000, 0x000001d1af900000]
 total_blobs=1370 nmethods=828 adapters=455
 compilation: enabled
              stopped_count=0, restarted_count=0
 full_count=0

Compilation events (20 events):
Event: 0.857 Thread 0x000001d1c52fe3f0  816       3       java.util.TreeMap::getEntryUsingComparator (74 bytes)
Event: 0.858 Thread 0x000001d1c6065380 nmethod 813 0x000001d1b6e6ff90 code [0x000001d1b6e70100, 0x000001d1b6e70178]
Event: 0.858 Thread 0x000001d1c52fe3f0 nmethod 816 0x000001d1afa2dd90 code [0x000001d1afa2df60, 0x000001d1afa2e328]
Event: 0.858 Thread 0x000001d1c52fe3f0  817       3       java.util.TreeMap::addEntry (59 bytes)
Event: 0.858 Thread 0x000001d1c6065380  823       4       java.lang.StringLatin1::compareToCI (108 bytes)
Event: 0.859 Thread 0x000001d1c52fe3f0 nmethod 817 0x000001d1afa2e490 code [0x000001d1afa2e660, 0x000001d1afa2eb28]
Event: 0.859 Thread 0x000001d1c52fe3f0  820       3       java.util.TreeMap::fixAfterInsertion (267 bytes)
Event: 0.862 Thread 0x000001d1c52fe3f0 nmethod 820 0x000001d1afa2ed10 code [0x000001d1afa2f1c0, 0x000001d1afa31898]
Event: 0.862 Thread 0x000001d1c52fe3f0  818       3       java.util.TreeMap$Entry::<init> (25 bytes)
Event: 0.863 Thread 0x000001d1c52fe3f0 nmethod 818 0x000001d1afa32510 code [0x000001d1afa326c0, 0x000001d1afa32938]
Event: 0.863 Thread 0x000001d1c52fe3f0  821       3       java.util.TreeMap::getEntry (77 bytes)
Event: 0.864 Thread 0x000001d1c52fe3f0 nmethod 821 0x000001d1afa32a10 code [0x000001d1afa32c20, 0x000001d1afa332a8]
Event: 0.864 Thread 0x000001d1c52fe3f0  822       3       sun.nio.cs.ext.AbstractCharsetProvider::put (20 bytes)
Event: 0.864 Thread 0x000001d1c52fe3f0 nmethod 822 0x000001d1afa33490 code [0x000001d1afa33640, 0x000001d1afa33918]
Event: 0.864 Thread 0x000001d1c52fe3f0  826       3       java.util.TreeMap::containsKey (14 bytes)
Event: 0.864 Thread 0x000001d1c52fe3f0 nmethod 826 0x000001d1afa33a10 code [0x000001d1afa33bc0, 0x000001d1afa33d68]
Event: 0.864 Thread 0x000001d1c52fe3f0  819       3       java.util.TreeMap::rightOf (13 bytes)
Event: 0.865 Thread 0x000001d1c52fe3f0 nmethod 819 0x000001d1afa33e10 code [0x000001d1afa33fa0, 0x000001d1afa34118]
Event: 0.867 Thread 0x000001d1c52fe3f0  828       1       sun.util.locale.BaseLocale::getLanguage (5 bytes)
Event: 0.867 Thread 0x000001d1c52fe3f0 nmethod 828 0x000001d1b6e70290 code [0x000001d1b6e70420, 0x000001d1b6e704f8]

GC Heap History (0 events):
No events

Deoptimization events (10 events):
Event: 0.395 Thread 0x000001d1a7afb050 Uncommon trap: trap_request=0xffffff45 fr.pc=0x000001d1b6e3ee88 relative=0x0000000000000928
Event: 0.395 Thread 0x000001d1a7afb050 Uncommon trap: reason=unstable_if action=reinterpret pc=0x000001d1b6e3ee88 method=java.util.HashMap.putVal(ILjava/lang/Object;Ljava/lang/Object;ZZ)Ljava/lang/Object; @ 81 c2
Event: 0.395 Thread 0x000001d1a7afb050 DEOPT PACKING pc=0x000001d1b6e3ee88 sp=0x00000023989fe170
Event: 0.395 Thread 0x000001d1a7afb050 DEOPT UNPACKING pc=0x000001d1af3b23a3 sp=0x00000023989fe110 mode 2
Event: 0.739 Thread 0x000001d1a7afb050 DEOPT PACKING pc=0x000001d1af92e0e7 sp=0x00000023989f8f60
Event: 0.739 Thread 0x000001d1a7afb050 DEOPT UNPACKING pc=0x000001d1af3b2b43 sp=0x00000023989f8380 mode 0
Event: 0.746 Thread 0x000001d1a7afb050 DEOPT PACKING pc=0x000001d1af9d7856 sp=0x00000023989fdba0
Event: 0.746 Thread 0x000001d1a7afb050 DEOPT UNPACKING pc=0x000001d1af3b2b43 sp=0x00000023989fd040 mode 0
Event: 0.779 Thread 0x000001d1a7afb050 DEOPT PACKING pc=0x000001d1af9082d1 sp=0x00000023989fa950
Event: 0.779 Thread 0x000001d1a7afb050 DEOPT UNPACKING pc=0x000001d1af3b2b43 sp=0x00000023989f9dc8 mode 0

Classes unloaded (0 events):
No events

Classes redefined (0 events):
No events

Internal exceptions (18 events):
Event: 0.123 Thread 0x000001d1a7afb050 Exception <a 'sun/nio/fs/WindowsException'{0x0000000089a30948}> (0x0000000089a30948) 
thrown [t:\workspace\open\src\hotspot\share\prims\jni.cpp, line 516]
Event: 0.123 Thread 0x000001d1a7afb050 Exception <a 'sun/nio/fs/WindowsException'{0x0000000089a30ec8}> (0x0000000089a30ec8) 
thrown [t:\workspace\open\src\hotspot\share\prims\jni.cpp, line 516]
Event: 0.126 Thread 0x000001d1a7afb050 Exception <a 'sun/nio/fs/WindowsException'{0x0000000089a33360}> (0x0000000089a33360) 
thrown [t:\workspace\open\src\hotspot\share\prims\jni.cpp, line 516]
Event: 0.126 Thread 0x000001d1a7afb050 Exception <a 'sun/nio/fs/WindowsException'{0x0000000089a33e68}> (0x0000000089a33e68) 
thrown [t:\workspace\open\src\hotspot\share\prims\jni.cpp, line 516]
Event: 0.204 Thread 0x000001d1a7afb050 Exception <a 'java/lang/ClassNotFoundException'{0x0000000089905218}: sun/awt/resources/spi/awtProvider> (0x0000000089905218) 
thrown [t:\workspace\open\src\hotspot\share\classfile\systemDictionary.cpp, line 256]
Event: 0.246 Thread 0x000001d1a7afb050 Exception <a 'java/io/FileNotFoundException'{0x0000000089958538}> (0x0000000089958538) 
thrown [t:\workspace\open\src\hotspot\share\prims\jni.cpp, line 516]
Event: 0.263 Thread 0x000001d1a7afb050 Exception <a 'java/io/FileNotFoundException'{0x0000000089985430}> (0x0000000089985430) 
thrown [t:\workspace\open\src\hotspot\share\prims\jni.cpp, line 516]
Event: 0.337 Thread 0x000001d1a7afb050 Exception <a 'java/lang/NoSuchMethodError'{0x00000000899c9918}: 'java.lang.Object java.lang.invoke.DirectMethodHandle$Holder.invokeStaticInit(java.lang.Object)'> (0x00000000899c9918) 
thrown [t:\workspace\open\src\hotspot\share\interpreter\linkResolver.cpp, line 766]
Event: 0.397 Thread 0x000001d1a7afb050 Exception <a 'java/lang/NoSuchMethodError'{0x0000000089856ae0}: 'void java.lang.invoke.DirectMethodHandle$Holder.invokeSpecial(java.lang.Object, java.lang.Object, java.lang.Object)'> (0x0000000089856ae0) 
thrown [t:\workspace\open\src\hotspot\share\interpreter\linkResolver.cpp, line 766]
Event: 0.412 Thread 0x000001d1a7afb050 Exception <a 'java/lang/NoSuchMethodError'{0x0000000089880cb8}: 'java.lang.Object java.lang.invoke.DirectMethodHandle$Holder.newInvokeSpecial(java.lang.Object, java.lang.Object, java.lang.Object, java.lang.Object, java.lang.Object)'> (0x0000000089880cb8) 
thrown [t:\workspace\open\src\hotspot\share\interpreter\linkResolver.cpp, line 766]
Event: 0.416 Thread 0x000001d1a7afb050 Exception <a 'java/lang/NoSuchMethodError'{0x000000008988cc40}: 'java.lang.Object java.lang.invoke.DirectMethodHandle$Holder.invokeStatic(java.lang.Object, int, java.lang.Object, java.lang.Object, java.lang.Object, java.lang.Object)'> (0x000000008988cc40) 
thrown [t:\workspace\open\src\hotspot\share\interpreter\linkResolver.cpp, line 766]
Event: 0.427 Thread 0x000001d1a7afb050 Exception <a 'java/lang/NoSuchMethodError'{0x00000000898b2400}: 'java.lang.Object java.lang.invoke.DirectMethodHandle$Holder.invokeStatic(java.lang.Object, int, java.lang.Object)'> (0x00000000898b2400) 
thrown [t:\workspace\open\src\hotspot\share\interpreter\linkResolver.cpp, line 766]
Event: 0.486 Thread 0x000001d1a7afb050 Exception <a 'java/lang/ClassNotFoundException'{0x000000008976ad38}: com/sun/swing/internal/plaf/metal/resources/spi/metalProvider> (0x000000008976ad38) 
thrown [t:\workspace\open\src\hotspot\share\classfile\systemDictionary.cpp, line 256]
Event: 0.490 Thread 0x000001d1a7afb050 Exception <a 'java/lang/ClassNotFoundException'{0x000000008976ebe0}: com/sun/swing/internal/plaf/basic/resources/spi/basicProvider> (0x000000008976ebe0) 
thrown [t:\workspace\open\src\hotspot\share\classfile\systemDictionary.cpp, line 256]
Event: 0.587 Thread 0x000001d1a7afb050 Exception <a 'java/lang/NoSuchMethodError'{0x000000008966bd28}: 'java.lang.Object java.lang.invoke.DirectMethodHandle$Holder.invokeInterface(java.lang.Object, java.lang.Object)'> (0x000000008966bd28) 
thrown [t:\workspace\open\src\hotspot\share\interpreter\linkResolver.cpp, line 766]
Event: 0.644 Thread 0x000001d1a7afb050 Exception <a 'java/lang/NoSuchMethodError'{0x00000000896ebd00}: 'void java.lang.invoke.DirectMethodHandle$Holder.invokeStatic(java.lang.Object, java.lang.Object, java.lang.Object)'> (0x00000000896ebd00) 
thrown [t:\workspace\open\src\hotspot\share\interpreter\linkResolver.cpp, line 766]
Event: 0.648 Thread 0x000001d1a7afb050 Exception <a 'java/lang/NoSuchMethodError'{0x00000000896f5bd0}: 'java.lang.Object java.lang.invoke.DirectMethodHandle$Holder.invokeVirtual(java.lang.Object, java.lang.Object, java.lang.Object)'> (0x00000000896f5bd0) 
thrown [t:\workspace\open\src\hotspot\share\interpreter\linkResolver.cpp, line 766]
Event: 0.800 Thread 0x000001d1a7afb050 Exception <a 'java/lang/NoSuchMethodError'{0x00000000893fe350}: 'void java.lang.invoke.DirectMethodHandle$Holder.invokeStatic(java.lang.Object, java.lang.Object)'> (0x00000000893fe350) 
thrown [t:\workspace\open\src\hotspot\share\interpreter\linkResolver.cpp, line 766]

VM Operations (6 events):
Event: 0.128 Executing VM operation: HandshakeAllThreads
Event: 0.128 Executing VM operation: HandshakeAllThreads done
Event: 0.548 Executing VM operation: HandshakeAllThreads
Event: 0.548 Executing VM operation: HandshakeAllThreads done
Event: 0.780 Executing VM operation: HandshakeAllThreads
Event: 0.780 Executing VM operation: HandshakeAllThreads done

Events (20 events):
Event: 0.843 loading class java/lang/ArrayIndexOutOfBoundsException done
Event: 0.846 loading class java/nio/charset/Charset$ExtendedProviderHolder
Event: 0.846 loading class java/nio/charset/Charset$ExtendedProviderHolder done
Event: 0.847 loading class java/nio/charset/Charset$ExtendedProviderHolder$1
Event: 0.847 loading class java/nio/charset/Charset$ExtendedProviderHolder$1 done
Event: 0.848 loading class java/lang/AssertionError
Event: 0.848 loading class java/lang/AssertionError done
Event: 0.862 loading class sun/nio/cs/DoubleByte$Decoder
Event: 0.863 loading class sun/nio/cs/DelegatableDecoder
Event: 0.863 loading class sun/nio/cs/DelegatableDecoder done
Event: 0.863 loading class sun/nio/cs/DoubleByte$Decoder done
Event: 0.863 loading class sun/nio/cs/DoubleByte$Encoder
Event: 0.863 loading class sun/nio/cs/DoubleByte$Encoder done
Event: 0.863 loading class sun/nio/cs/GBK
Event: 0.863 loading class sun/nio/cs/GBK done
Event: 0.864 loading class sun/nio/cs/SJIS
Event: 0.864 loading class sun/nio/cs/SJIS done
Event: 0.865 loading class sun/nio/cs/MS932
Event: 0.865 loading class sun/nio/cs/MS932 done
Event: 0.868 loading class sun/nio/cs/GB18030


Dynamic libraries:
0x00007ff67c130000 - 0x00007ff67c140000 	C:\Program Files\Java\jdk-17.0.2\bin\java.exe
0x00007ffdc6270000 - 0x00007ffdc6468000 	C:\Windows\SYSTEM32\ntdll.dll
0x00007ffdc5590000 - 0x00007ffdc564d000 	C:\Windows\System32\KERNEL32.DLL
0x00007ffdc3d80000 - 0x00007ffdc4076000 	C:\Windows\System32\KERNELBASE.dll
0x00007ffdc3950000 - 0x00007ffdc3a50000 	C:\Windows\System32\ucrtbase.dll
0x00007ffdafeb0000 - 0x00007ffdafeca000 	C:\Program Files\Java\jdk-17.0.2\bin\VCRUNTIME140.dll
0x00007ffdb9e90000 - 0x00007ffdb9ea8000 	C:\Program Files\Java\jdk-17.0.2\bin\jli.dll
0x00007ffdc6180000 - 0x00007ffdc622f000 	C:\Windows\System32\ADVAPI32.dll
0x00007ffdc4c00000 - 0x00007ffdc4c9e000 	C:\Windows\System32\msvcrt.dll
0x00007ffdc6060000 - 0x00007ffdc60fc000 	C:\Windows\System32\sechost.dll
0x00007ffdc5f10000 - 0x00007ffdc6036000 	C:\Windows\System32\RPCRT4.dll
0x00007ffdc48e0000 - 0x00007ffdc4a7e000 	C:\Windows\System32\USER32.dll
0x00007ffdc3aa0000 - 0x00007ffdc3ac2000 	C:\Windows\System32\win32u.dll
0x00007ffdc5ee0000 - 0x00007ffdc5f0c000 	C:\Windows\System32\GDI32.dll
0x00007ffdc3c60000 - 0x00007ffdc3d7a000 	C:\Windows\System32\gdi32full.dll
0x00007ffdc4080000 - 0x00007ffdc411d000 	C:\Windows\System32\msvcp_win.dll
0x00007ffdaf790000 - 0x00007ffdafa2a000 	C:\Windows\WinSxS\amd64_microsoft.windows.common-controls_6595b64144ccf1df_6.0.19041.3636_none_60b6a03d71f818d5\COMCTL32.dll
0x00007ffdb8840000 - 0x00007ffdb884a000 	C:\Windows\SYSTEM32\VERSION.dll
0x00007ffdc4b60000 - 0x00007ffdc4b90000 	C:\Windows\System32\IMM32.DLL
0x00007ffdc0e50000 - 0x00007ffdc0e5c000 	C:\Program Files\Java\jdk-17.0.2\bin\vcruntime140_1.dll
0x00007ffdaf5d0000 - 0x00007ffdaf65d000 	C:\Program Files\Java\jdk-17.0.2\bin\msvcp140.dll
0x00007ffd6df20000 - 0x00007ffd6eae1000 	C:\Program Files\Java\jdk-17.0.2\bin\server\jvm.dll
0x00007ffdc4460000 - 0x00007ffdc4468000 	C:\Windows\System32\PSAPI.DLL
0x00007ffda9ef0000 - 0x00007ffda9ef9000 	C:\Windows\SYSTEM32\WSOCK32.dll
0x00007ffdc4b90000 - 0x00007ffdc4bfb000 	C:\Windows\System32\WS2_32.dll
0x00007ffda8d70000 - 0x00007ffda8d97000 	C:\Windows\SYSTEM32\WINMM.dll
0x00007ffdc21d0000 - 0x00007ffdc21e2000 	C:\Windows\SYSTEM32\kernel.appcore.dll
0x00007ffdafd70000 - 0x00007ffdafd7a000 	C:\Program Files\Java\jdk-17.0.2\bin\jimage.dll
0x00007ffdc1f80000 - 0x00007ffdc2164000 	C:\Windows\SYSTEM32\DBGHELP.DLL
0x00007ffdb8680000 - 0x00007ffdb86b4000 	C:\Windows\SYSTEM32\dbgcore.DLL
0x00007ffdc4190000 - 0x00007ffdc4212000 	C:\Windows\System32\bcryptPrimitives.dll
0x00007ffdafd80000 - 0x00007ffdafda5000 	C:\Program Files\Java\jdk-17.0.2\bin\java.dll
0x00007ffdaf690000 - 0x00007ffdaf766000 	C:\Program Files\Java\jdk-17.0.2\bin\jsvml.dll
0x00007ffdc4de0000 - 0x00007ffdc5524000 	C:\Windows\System32\SHELL32.dll
0x00007ffdc1720000 - 0x00007ffdc1ebb000 	C:\Windows\SYSTEM32\windows.storage.dll
0x00007ffdc5920000 - 0x00007ffdc5c74000 	C:\Windows\System32\combase.dll
0x00007ffdc32c0000 - 0x00007ffdc32ed000 	C:\Windows\SYSTEM32\Wldp.dll
0x00007ffdc5e30000 - 0x00007ffdc5edd000 	C:\Windows\System32\SHCORE.dll
0x00007ffdc4d70000 - 0x00007ffdc4dc5000 	C:\Windows\System32\shlwapi.dll
0x00007ffdc3880000 - 0x00007ffdc38a5000 	C:\Windows\SYSTEM32\profapi.dll
0x00007ffdafd50000 - 0x00007ffdafd69000 	C:\Program Files\Java\jdk-17.0.2\bin\net.dll
0x00007ffdb3e50000 - 0x00007ffdb3f5a000 	C:\Windows\SYSTEM32\WINHTTP.dll
0x00007ffdc3020000 - 0x00007ffdc308a000 	C:\Windows\system32\mswsock.dll
0x00007ffdafd30000 - 0x00007ffdafd46000 	C:\Program Files\Java\jdk-17.0.2\bin\nio.dll
0x00007ffdaf670000 - 0x00007ffdaf688000 	C:\Program Files\Java\jdk-17.0.2\bin\zip.dll
0x00007ffd6f0d0000 - 0x00007ffd6f25f000 	C:\Program Files\Java\jdk-17.0.2\bin\awt.dll
0x00007ffdc4ca0000 - 0x00007ffdc4d6d000 	C:\Windows\System32\OLEAUT32.dll
0x00007ffdc0730000 - 0x00007ffdc07c0000 	C:\Windows\SYSTEM32\apphelp.dll
0x00007ffdc1110000 - 0x00007ffdc113f000 	C:\Windows\system32\DWMAPI.DLL
0x00007ffdc0980000 - 0x00007ffdc0a1e000 	C:\Windows\system32\uxtheme.dll
0x00007ffda3bd0000 - 0x00007ffda3cf5000 	C:\Windows\system32\opengl32.dll
0x00007ffdaf210000 - 0x00007ffdaf23c000 	C:\Windows\SYSTEM32\GLU32.dll
0x00007ffdc5710000 - 0x00007ffdc5824000 	C:\Windows\System32\MSCTF.dll
0x00007ffdc42d0000 - 0x00007ffdc43fb000 	C:\Windows\System32\ole32.dll
0x00007ffdc2d50000 - 0x00007ffdc2e1a000 	C:\Windows\SYSTEM32\DNSAPI.dll
0x00007ffdc2d10000 - 0x00007ffdc2d4b000 	C:\Windows\SYSTEM32\IPHLPAPI.DLL
0x00007ffdc4dd0000 - 0x00007ffdc4dd8000 	C:\Windows\System32\NSI.dll
0x00007ffdb0750000 - 0x00007ffdb075a000 	C:\Windows\System32\rasadhlp.dll
0x00007ffdb2a90000 - 0x00007ffdb2b10000 	C:\Windows\System32\fwpuclnt.dll
0x00007ffdc3c30000 - 0x00007ffdc3c57000 	C:\Windows\System32\bcrypt.dll

dbghelp: loaded successfully - version: 4.0.5 - missing functions: none
symbol engine: initialized successfully - sym options: 0x614 - pdb path: .;C:\Program Files\Java\jdk-17.0.2\bin;C:\Windows\SYSTEM32;C:\Windows\WinSxS\amd64_microsoft.windows.common-controls_6595b64144ccf1df_6.0.19041.3636_none_60b6a03d71f818d5;C:\Program Files\Java\jdk-17.0.2\bin\server

VM Arguments:
jvm_args: -Dfile.encoding=UTF-8 --module-path=C:\Users\hp\Documents\NetBeansProjects\Electricity Billing System\build\classes 
java_command: electricity.billing.system.ViewInformation
java_class_path (initial): C:\Users\hp\Downloads\mysql-connector-java-8.0.28.jar;C:\Users\hp\Downloads\rs2xml.jar-20231124T154923Z-001.zip;C:\Users\hp\Downloads\rs2xml.jar;C:\Users\hp\Documents\NetBeansProjects\Electricity Billing System\build\classes
Launcher Type: SUN_STANDARD

[Global flags]
     intx CICompilerCount                          = 3                                         {product} {ergonomic}
     uint ConcGCThreads                            = 1                                         {product} {ergonomic}
     uint G1ConcRefinementThreads                  = 4                                         {product} {ergonomic}
   size_t G1HeapRegionSize                         = 1048576                                   {product} {ergonomic}
    uintx GCDrainStackTargetSize                   = 64                                        {product} {ergonomic}
   size_t InitialHeapSize                          = 134217728                                 {product} {ergonomic}
   size_t MarkStackSize                            = 4194304                                   {product} {ergonomic}
   size_t MaxHeapSize                              = 2118123520                                {product} {ergonomic}
   size_t MaxNewSize                               = 1270874112                                {product} {ergonomic}
   size_t MinHeapDeltaBytes                        = 1048576                                   {product} {ergonomic}
   size_t MinHeapSize                              = 8388608                                   {product} {ergonomic}
    uintx NonNMethodCodeHeapSize                   = 5832780                                {pd product} {ergonomic}
    uintx NonProfiledCodeHeapSize                  = 122912730                              {pd product} {ergonomic}
    uintx ProfiledCodeHeapSize                     = 122912730                              {pd product} {ergonomic}
    uintx ReservedCodeCacheSize                    = 251658240                              {pd product} {ergonomic}
     bool SegmentedCodeCache                       = true                                      {product} {ergonomic}
   size_t SoftMaxHeapSize                          = 2118123520                             {manageable} {ergonomic}
     bool UseCompressedClassPointers               = true                           {product lp64_product} {ergonomic}
     bool UseCompressedOops                        = true                           {product lp64_product} {ergonomic}
     bool UseG1GC                                  = true                                      {product} {ergonomic}
     bool UseLargePagesIndividualAllocation        = false                                  {pd product} {ergonomic}

Logging:
Log output configuration:
 #0: stdout all=warning uptime,level,tags
 #1: stderr all=off uptime,level,tags

Environment Variables:
PATH=C:\Program Files\Common Files\Oracle\Java\javapath;C:\Windows\system32;C:\Windows;C:\Windows\System32\Wbem;C:\Windows\System32\WindowsPowerShell\v1.0\;C:\Windows\System32\OpenSSH\;C:\Program Files\Java\jdk-17.0.2\bin;C:\Program Files\MySQL\MySQL Shell 8.0\bin\;C:\Users\hp\AppData\Local\Microsoft\WindowsApps;
USERNAME=hp
OS=Windows_NT
PROCESSOR_IDENTIFIER=Intel64 Family 6 Model 78 Stepping 3, GenuineIntel



---------------  S Y S T E M  ---------------

OS:
 Windows 10 , 64 bit Build 19041 (10.0.19041.3636)
OS uptime: 12 days 3:34 hours

CPU: total 4 (initial active 4) (2 cores per cpu, 2 threads per core) family 6 model 78 stepping 3 microcode 0xcc, cx8, cmov, fxsr, ht, mmx, 3dnowpref, sse, sse2, sse3, ssse3, sse4.1, sse4.2, popcnt, lzcnt, tsc, tscinvbit, avx, avx2, aes, erms, clmul, bmi1, bmi2, rtm, adx, fma, vzeroupper, clflush, clflushopt

Memory: 4k page, system-wide physical 8072M (422M free)
TotalPageFile size 23260M (AvailPageFile size 5M)
current process WorkingSet (physical memory assigned to process): 60M, peak: 60M
current process commit charge ("private bytes"): 215M, peak: 216M

vm_info: Java HotSpot(TM) 64-Bit Server VM (17.0.2+8-LTS-86) for windows-amd64 JRE (17.0.2+8-LTS-86), built on Dec  7 2021 21:51:03 by "mach5one" with MS VC++ 16.8 / 16.9 (VS2019)

END.
