#
# There is insufficient memory for the Java Runtime Environment to continue.
# Native memory allocation (mmap) failed to map 134217728 bytes for G1 virtual space
# Possible reasons:
#   The system is out of physical RAM or swap space
#   The process is running with CompressedOops enabled, and the Java Heap may be blocking the growth of the native heap
# Possible solutions:
#   Reduce memory load on the system
#   Increase physical memory or swap space
#   Check if swap backing store is full
#   Decrease Java heap size (-Xmx/-Xms)
#   Decrease number of Java threads
#   Decrease Java thread stack sizes (-Xss)
#   Set larger code cache with -XX:ReservedCodeCacheSize=
#   JVM is running with Unscaled Compressed Oops mode in which the Java heap is
#     placed in the first 4GB address space. The Java Heap base address is the
#     maximum limit for the native heap growth. Please use -XX:HeapBaseMinAddress
#     to set the Java Heap base and to place the Java Heap above 4GB virtual address.
# This output file may be truncated or incomplete.
#
#  Out of Memory Error (os_windows.cpp:3532), pid=22268, tid=5340
#
# JRE version:  (17.0.2+8) (build )
# Java VM: Java HotSpot(TM) 64-Bit Server VM (17.0.2+8-LTS-86, mixed mode, sharing, tiered, compressed oops, compressed class ptrs, g1 gc, windows-amd64)
# No core dump will be written. Minidumps are not enabled by default on client versions of Windows
#

---------------  S U M M A R Y ------------

Command Line: -Dfile.encoding=UTF-8 --module-path=C:\Users\hp\Documents\NetBeansProjects\Electricity Billing System\build\classes electricity.billing.system.Signup

Host: Intel(R) Core(TM) i5-6300U CPU @ 2.40GHz, 4 cores, 7G,  Windows 10 , 64 bit Build 19041 (10.0.19041.3570)
Time: Mon Oct 30 09:12:59 2023 Pacific Daylight Time elapsed time: 0.018626 seconds (0d 0h 0m 0s)

---------------  T H R E A D  ---------------

Current thread (0x000001fa9b11cb40):  JavaThread "Unknown thread" [_thread_in_vm, id=5340, stack(0x000000df9de00000,0x000000df9df00000)]

Stack: [0x000000df9de00000,0x000000df9df00000]
Native frames: (J=compiled Java code, j=interpreted, Vv=VM code, C=native code)
V  [jvm.dll+0x670baa]
V  [jvm.dll+0x7cfcb4]
V  [jvm.dll+0x7d145e]
V  [jvm.dll+0x7d1ac3]
V  [jvm.dll+0x242bc5]
V  [jvm.dll+0x66dac9]
V  [jvm.dll+0x662412]
V  [jvm.dll+0x300c0b]
V  [jvm.dll+0x3081a6]
V  [jvm.dll+0x357d0e]
V  [jvm.dll+0x357f3f]
V  [jvm.dll+0x2d7ec8]
V  [jvm.dll+0x2d8e34]
V  [jvm.dll+0x7a18c1]
V  [jvm.dll+0x365a91]
V  [jvm.dll+0x780d2c]
V  [jvm.dll+0x3e845f]
V  [jvm.dll+0x3e9f01]
C  [jli.dll+0x527b]
C  [ucrtbase.dll+0x21bb2]
C  [KERNEL32.DLL+0x17344]
C  [ntdll.dll+0x526b1]


---------------  P R O C E S S  ---------------

Threads class SMR info:
_java_thread_list=0x00007ffddec69858, length=0, elements={
}

Java Threads: ( => current thread )

Other Threads:
  0x000001fa9b15b250 GCTaskThread "GC Thread#0" [stack: 0x000000df9df00000,0x000000df9e000000] [id=20748]
  0x000001fa9b16cd30 ConcurrentGCThread "G1 Main Marker" [stack: 0x000000df9e000000,0x000000df9e100000] [id=22220]
  0x000001fa9b16ddf0 ConcurrentGCThread "G1 Conc#0" [stack: 0x000000df9e100000,0x000000df9e200000] [id=19996]

[error occurred during error reporting (printing all threads), id 0xc0000005, EXCEPTION_ACCESS_VIOLATION (0xc0000005) at pc=0x00007ffdde4b88a7]

VM state: not at safepoint (not fully initialized)

VM Mutex/Monitor currently owned by a thread:  ([mutex/lock_event])
[0x000001fa9b118300] Heap_lock - owner thread: 0x000001fa9b11cb40

Heap address: 0x0000000081c00000, size: 2020 MB, Compressed Oops mode: 32-bit

CDS archive(s) mapped at: [0x0000000000000000-0x0000000000000000-0x0000000000000000), size 0, SharedBaseAddress: 0x0000000800000000, ArchiveRelocationMode: 0.
Narrow klass base: 0x0000000000000000, Narrow klass shift: 0, Narrow klass range: 0x0

GC Precious Log:
<Empty>

Heap:
 garbage-first heap   total 0K, used 0K [0x0000000081c00000, 0x0000000100000000)
  region size 1024K, 0 young (0K), 0 survivors (0K)

[error occurred during error reporting (printing heap information), id 0xc0000005, EXCEPTION_ACCESS_VIOLATION (0xc0000005) at pc=0x00007ffdde899f19]

GC Heap History (0 events):
No events

Deoptimization events (0 events):
No events

Classes unloaded (0 events):
No events

Classes redefined (0 events):
No events

Internal exceptions (0 events):
No events

VM Operations (0 events):
No events

Events (1 events):
Event: 0.012 Loaded shared library C:\Program Files\Java\jdk-17.0.2\bin\java.dll


Dynamic libraries:
0x00007ff6775f0000 - 0x00007ff677600000 	C:\Program Files\Java\jdk-17.0.2\bin\java.exe
0x00007ffe4e830000 - 0x00007ffe4ea27000 	C:\Windows\SYSTEM32\ntdll.dll
0x00007ffe4e730000 - 0x00007ffe4e7ed000 	C:\Windows\System32\KERNEL32.DLL
0x00007ffe4c490000 - 0x00007ffe4c786000 	C:\Windows\System32\KERNELBASE.dll
0x00007ffe4c790000 - 0x00007ffe4c890000 	C:\Windows\System32\ucrtbase.dll
0x00007ffe38130000 - 0x00007ffe3814a000 	C:\Program Files\Java\jdk-17.0.2\bin\VCRUNTIME140.dll
0x00007ffe3a0f0000 - 0x00007ffe3a108000 	C:\Program Files\Java\jdk-17.0.2\bin\jli.dll
0x00007ffe4db70000 - 0x00007ffe4dc1e000 	C:\Windows\System32\ADVAPI32.dll
0x00007ffe4de60000 - 0x00007ffe4defe000 	C:\Windows\System32\msvcrt.dll
0x00007ffe4d7b0000 - 0x00007ffe4d84c000 	C:\Windows\System32\sechost.dll
0x00007ffe4e600000 - 0x00007ffe4e726000 	C:\Windows\System32\RPCRT4.dll
0x00007ffe4d920000 - 0x00007ffe4dabe000 	C:\Windows\System32\USER32.dll
0x00007ffe4c460000 - 0x00007ffe4c482000 	C:\Windows\System32\win32u.dll
0x00007ffe4dc90000 - 0x00007ffe4dcbc000 	C:\Windows\System32\GDI32.dll
0x00007ffe286c0000 - 0x00007ffe2895a000 	C:\Windows\WinSxS\amd64_microsoft.windows.common-controls_6595b64144ccf1df_6.0.19041.3570_none_60bb2a3971f3e41a\COMCTL32.dll
0x00007ffe4c280000 - 0x00007ffe4c39a000 	C:\Windows\System32\gdi32full.dll
0x00007ffe4c0a0000 - 0x00007ffe4c13d000 	C:\Windows\System32\msvcp_win.dll
0x00007ffe41040000 - 0x00007ffe4104a000 	C:\Windows\SYSTEM32\VERSION.dll
0x00007ffe4cda0000 - 0x00007ffe4cdd0000 	C:\Windows\System32\IMM32.DLL
0x00007ffe3c3f0000 - 0x00007ffe3c3fc000 	C:\Program Files\Java\jdk-17.0.2\bin\vcruntime140_1.dll
0x00007ffe1fa80000 - 0x00007ffe1fb0d000 	C:\Program Files\Java\jdk-17.0.2\bin\msvcp140.dll
0x00007ffdde1d0000 - 0x00007ffdded91000 	C:\Program Files\Java\jdk-17.0.2\bin\server\jvm.dll
0x00007ffe4e5f0000 - 0x00007ffe4e5f8000 	C:\Windows\System32\PSAPI.DLL
0x00007ffe31c00000 - 0x00007ffe31c09000 	C:\Windows\SYSTEM32\WSOCK32.dll
0x00007ffe33360000 - 0x00007ffe33387000 	C:\Windows\SYSTEM32\WINMM.dll
0x00007ffe4d8b0000 - 0x00007ffe4d91b000 	C:\Windows\System32\WS2_32.dll
0x00007ffe4a790000 - 0x00007ffe4a7a2000 	C:\Windows\SYSTEM32\kernel.appcore.dll
0x00007ffe38120000 - 0x00007ffe3812a000 	C:\Program Files\Java\jdk-17.0.2\bin\jimage.dll
0x00007ffe49d80000 - 0x00007ffe49f64000 	C:\Windows\SYSTEM32\DBGHELP.DLL
0x00007ffe3c740000 - 0x00007ffe3c774000 	C:\Windows\SYSTEM32\dbgcore.DLL
0x00007ffe4c1f0000 - 0x00007ffe4c272000 	C:\Windows\System32\bcryptPrimitives.dll
0x00007ffe1ff60000 - 0x00007ffe1ff85000 	C:\Program Files\Java\jdk-17.0.2\bin\java.dll

dbghelp: loaded successfully - version: 4.0.5 - missing functions: none
symbol engine: initialized successfully - sym options: 0x614 - pdb path: .;C:\Program Files\Java\jdk-17.0.2\bin;C:\Windows\SYSTEM32;C:\Windows\WinSxS\amd64_microsoft.windows.common-controls_6595b64144ccf1df_6.0.19041.3570_none_60bb2a3971f3e41a;C:\Program Files\Java\jdk-17.0.2\bin\server

VM Arguments:
jvm_args: -Dfile.encoding=UTF-8 --module-path=C:\Users\hp\Documents\NetBeansProjects\Electricity Billing System\build\classes 
java_command: electricity.billing.system.Signup
java_class_path (initial): C:\Users\hp\Documents\NetBeansProjects\Electricity Billing System\build\classes
Launcher Type: SUN_STANDARD

[Global flags]
     intx CICompilerCount                          = 3                                         {product} {ergonomic}
     uint ConcGCThreads                            = 1                                         {product} {ergonomic}
     uint G1ConcRefinementThreads                  = 4                                         {product} {ergonomic}
   size_t G1HeapRegionSize                         = 1048576                                   {product} {ergonomic}
    uintx GCDrainStackTargetSize                   = 64                                        {product} {ergonomic}
   size_t InitialHeapSize                          = 134217728                                 {product} {ergonomic}
   size_t MarkStackSize                            = 4194304                                   {product} {ergonomic}
   size_t MaxHeapSize                              = 2118123520                                {product} {ergonomic}
   size_t MinHeapDeltaBytes                        = 1048576                                   {product} {ergonomic}
   size_t MinHeapSize                              = 8388608                                   {product} {ergonomic}
    uintx NonNMethodCodeHeapSize                   = 5832780                                {pd product} {ergonomic}
    uintx NonProfiledCodeHeapSize                  = 122912730                              {pd product} {ergonomic}
    uintx ProfiledCodeHeapSize                     = 122912730                              {pd product} {ergonomic}
    uintx ReservedCodeCacheSize                    = 251658240                              {pd product} {ergonomic}
     bool SegmentedCodeCache                       = true                                      {product} {ergonomic}
   size_t SoftMaxHeapSize                          = 2118123520                             {manageable} {ergonomic}
     bool UseCompressedClassPointers               = true                           {product lp64_product} {ergonomic}
     bool UseCompressedOops                        = true                           {product lp64_product} {ergonomic}
     bool UseG1GC                                  = true                                      {product} {ergonomic}
     bool UseLargePagesIndividualAllocation        = false                                  {pd product} {ergonomic}

Logging:
Log output configuration:
 #0: stdout all=warning uptime,level,tags
 #1: stderr all=off uptime,level,tags

Environment Variables:
PATH=C:\Program Files\Common Files\Oracle\Java\javapath;C:\Windows\system32;C:\Windows;C:\Windows\System32\Wbem;C:\Windows\System32\WindowsPowerShell\v1.0\;C:\Windows\System32\OpenSSH\;C:\Program Files\Java\jdk-17.0.2\bin;C:\Program Files\MySQL\MySQL Shell 8.0\bin\;C:\Users\hp\AppData\Local\Microsoft\WindowsApps;
USERNAME=hp
OS=Windows_NT
PROCESSOR_IDENTIFIER=Intel64 Family 6 Model 78 Stepping 3, GenuineIntel



---------------  S Y S T E M  ---------------

OS:
 Windows 10 , 64 bit Build 19041 (10.0.19041.3570)
OS uptime: 1 days 7:03 hours

CPU: total 4 (initial active 4) (2 cores per cpu, 2 threads per core) family 6 model 78 stepping 3 microcode 0xcc, cx8, cmov, fxsr, ht, mmx, 3dnowpref, sse, sse2, sse3, ssse3, sse4.1, sse4.2, popcnt, lzcnt, tsc, tscinvbit, avx, avx2, aes, erms, clmul, bmi1, bmi2, rtm, adx, fma, vzeroupper, clflush, clflushopt

Memory: 4k page, system-wide physical 8072M (1243M free)
TotalPageFile size 23260M (AvailPageFile size 48M)
current process WorkingSet (physical memory assigned to process): 10M, peak: 10M
current process commit charge ("private bytes"): 51M, peak: 179M

vm_info: Java HotSpot(TM) 64-Bit Server VM (17.0.2+8-LTS-86) for windows-amd64 JRE (17.0.2+8-LTS-86), built on Dec  7 2021 21:51:03 by "mach5one" with MS VC++ 16.8 / 16.9 (VS2019)

END.
