#
# There is insufficient memory for the Java Runtime Environment to continue.
# Native memory allocation (mmap) failed to map 65536 bytes for Failed to commit metaspace.
# Possible reasons:
#   The system is out of physical RAM or swap space
#   The process is running with CompressedOops enabled, and the Java Heap may be blocking the growth of the native heap
# Possible solutions:
#   Reduce memory load on the system
#   Increase physical memory or swap space
#   Check if swap backing store is full
#   Decrease Java heap size (-Xmx/-Xms)
#   Decrease number of Java threads
#   Decrease Java thread stack sizes (-Xss)
#   Set larger code cache with -XX:ReservedCodeCacheSize=
#   JVM is running with Unscaled Compressed Oops mode in which the Java heap is
#     placed in the first 4GB address space. The Java Heap base address is the
#     maximum limit for the native heap growth. Please use -XX:HeapBaseMinAddress
#     to set the Java Heap base and to place the Java Heap above 4GB virtual address.
# This output file may be truncated or incomplete.
#
#  Out of Memory Error (virtualSpaceNode.cpp:110), pid=20252, tid=732
#
# JRE version: Java(TM) SE Runtime Environment (17.0.2+8) (build 17.0.2+8-LTS-86)
# Java VM: Java HotSpot(TM) 64-Bit Server VM (17.0.2+8-LTS-86, mixed mode, tiered, compressed oops, compressed class ptrs, g1 gc, windows-amd64)
# No core dump will be written. Minidumps are not enabled by default on client versions of Windows
#

---------------  S U M M A R Y ------------

Command Line: -Dfile.encoding=UTF-8 --module-path=C:\Users\hp\Documents\NetBeansProjects\Electricity Billing System\build\classes electricity.billing.system.Signup

Host: Intel(R) Core(TM) i5-6300U CPU @ 2.40GHz, 4 cores, 7G,  Windows 10 , 64 bit Build 19041 (10.0.19041.3570)
Time: Mon Oct 30 09:10:24 2023 Pacific Daylight Time elapsed time: 0.370940 seconds (0d 0h 0m 0s)

---------------  T H R E A D  ---------------

Current thread (0x0000017d954bca30):  JavaThread "main" [_thread_in_vm, id=732, stack(0x0000001a15f00000,0x0000001a16000000)]

Stack: [0x0000001a15f00000,0x0000001a16000000]
Native frames: (J=compiled Java code, j=interpreted, Vv=VM code, C=native code)
V  [jvm.dll+0x670baa]
V  [jvm.dll+0x7cfcb4]
V  [jvm.dll+0x7d145e]
V  [jvm.dll+0x7d1ac3]
V  [jvm.dll+0x242bc5]
V  [jvm.dll+0x7cbc5b]
V  [jvm.dll+0x616966]
V  [jvm.dll+0x6169ca]
V  [jvm.dll+0x6191da]
V  [jvm.dll+0x617306]
V  [jvm.dll+0x24068c]
V  [jvm.dll+0x6c706d]
V  [jvm.dll+0x6c7a9f]
V  [jvm.dll+0x36c4c3]
V  [jvm.dll+0x36b682]
V  [jvm.dll+0x36b628]
V  [jvm.dll+0x559805]
V  [jvm.dll+0x383727]
V  [jvm.dll+0x383825]
V  [jvm.dll+0x7812d6]
V  [jvm.dll+0x3e845f]
V  [jvm.dll+0x3e9f01]
C  [jli.dll+0x527b]
C  [ucrtbase.dll+0x21bb2]
C  [KERNEL32.DLL+0x17344]
C  [ntdll.dll+0x526b1]


---------------  P R O C E S S  ---------------

Threads class SMR info:
_java_thread_list=0x0000017db3a57670, length=12, elements={
0x0000017d954bca30, 0x0000017db2d5d260, 0x0000017db2d5dfe0, 0x0000017db2d2ed40,
0x0000017db381c020, 0x0000017db381d8f0, 0x0000017db3820480, 0x0000017db38272a0,
0x0000017db382fc60, 0x0000017db38351a0, 0x0000017db3821c90, 0x0000017db38212f0
}

Java Threads: ( => current thread )
=>0x0000017d954bca30 JavaThread "main" [_thread_in_vm, id=732, stack(0x0000001a15f00000,0x0000001a16000000)]
  0x0000017db2d5d260 JavaThread "Reference Handler" daemon [_thread_blocked, id=18984, stack(0x0000001a16600000,0x0000001a16700000)]
  0x0000017db2d5dfe0 JavaThread "Finalizer" daemon [_thread_blocked, id=18572, stack(0x0000001a16700000,0x0000001a16800000)]
  0x0000017db2d2ed40 JavaThread "Signal Dispatcher" daemon [_thread_blocked, id=11944, stack(0x0000001a16800000,0x0000001a16900000)]
  0x0000017db381c020 JavaThread "Attach Listener" daemon [_thread_blocked, id=17964, stack(0x0000001a16900000,0x0000001a16a00000)]
  0x0000017db381d8f0 JavaThread "Service Thread" daemon [_thread_blocked, id=16580, stack(0x0000001a16a00000,0x0000001a16b00000)]
  0x0000017db3820480 JavaThread "Monitor Deflation Thread" daemon [_thread_blocked, id=19196, stack(0x0000001a16b00000,0x0000001a16c00000)]
  0x0000017db38272a0 JavaThread "C2 CompilerThread0" daemon [_thread_blocked, id=7960, stack(0x0000001a16c00000,0x0000001a16d00000)]
  0x0000017db382fc60 JavaThread "C1 CompilerThread0" daemon [_thread_blocked, id=19112, stack(0x0000001a16d00000,0x0000001a16e00000)]
  0x0000017db38351a0 JavaThread "Sweeper thread" daemon [_thread_blocked, id=7992, stack(0x0000001a16e00000,0x0000001a16f00000)]
  0x0000017db3821c90 JavaThread "Common-Cleaner" daemon [_thread_blocked, id=17988, stack(0x0000001a16f00000,0x0000001a17000000)]
  0x0000017db38212f0 JavaThread "Notification Thread" daemon [_thread_blocked, id=20344, stack(0x0000001a17000000,0x0000001a17100000)]

Other Threads:
  0x0000017db2d467c0 VMThread "VM Thread" [stack: 0x0000001a16500000,0x0000001a16600000] [id=18188]
  0x0000017d954fa120 GCTaskThread "GC Thread#0" [stack: 0x0000001a16000000,0x0000001a16100000] [id=22240]
  0x0000017d9550bc00 ConcurrentGCThread "G1 Main Marker" [stack: 0x0000001a16100000,0x0000001a16200000] [id=16520]
  0x0000017d9550ccc0 ConcurrentGCThread "G1 Conc#0" [stack: 0x0000001a16200000,0x0000001a16300000] [id=8576]
  0x0000017db2b900a0 ConcurrentGCThread "G1 Refine#0" [stack: 0x0000001a16300000,0x0000001a16400000] [id=19828]
  0x0000017db2b909d0 ConcurrentGCThread "G1 Service" [stack: 0x0000001a16400000,0x0000001a16500000] [id=18608]

Threads with active compile tasks:

VM state: not at safepoint (normal execution)

VM Mutex/Monitor currently owned by a thread:  ([mutex/lock_event])
[0x0000017d954b6090] Metaspace_lock - owner thread: 0x0000017d954bca30

Heap address: 0x0000000081c00000, size: 2020 MB, Compressed Oops mode: 32-bit

CDS archive(s) not mapped
Compressed class space mapped at: 0x0000000100000000-0x0000000140000000, reserved size: 1073741824
Narrow klass base: 0x0000000000000000, Narrow klass shift: 3, Narrow klass range: 0x140000000

GC Precious Log:
 CPUs: 4 total, 4 available
 Memory: 8072M
 Large Page Support: Disabled
 NUMA Support: Disabled
 Compressed Oops: Enabled (32-bit)
 Heap Region Size: 1M
 Heap Min Capacity: 8M
 Heap Initial Capacity: 128M
 Heap Max Capacity: 2020M
 Pre-touch: Disabled
 Parallel Workers: 4
 Concurrent Workers: 1
 Concurrent Refinement Workers: 4
 Periodic GC: Disabled

Heap:
 garbage-first heap   total 131072K, used 1024K [0x0000000081c00000, 0x0000000100000000)
  region size 1024K, 2 young (2048K), 0 survivors (0K)
 Metaspace       used 5668K, committed 5760K, reserved 1056768K
  class space    used 483K, committed 512K, reserved 1048576K

Heap Regions: E=young(eden), S=young(survivor), O=old, HS=humongous(starts), HC=humongous(continues), CS=collection set, F=free, OA=open archive, CA=closed archive, TAMS=top-at-mark-start (previous, next)
|   0|0x0000000081c00000, 0x0000000081c00000, 0x0000000081d00000|  0%| F|  |TAMS 0x0000000081c00000, 0x0000000081c00000| Untracked 
|   1|0x0000000081d00000, 0x0000000081d00000, 0x0000000081e00000|  0%| F|  |TAMS 0x0000000081d00000, 0x0000000081d00000| Untracked 
|   2|0x0000000081e00000, 0x0000000081e00000, 0x0000000081f00000|  0%| F|  |TAMS 0x0000000081e00000, 0x0000000081e00000| Untracked 
|   3|0x0000000081f00000, 0x0000000081f00000, 0x0000000082000000|  0%| F|  |TAMS 0x0000000081f00000, 0x0000000081f00000| Untracked 
|   4|0x0000000082000000, 0x0000000082000000, 0x0000000082100000|  0%| F|  |TAMS 0x0000000082000000, 0x0000000082000000| Untracked 
|   5|0x0000000082100000, 0x0000000082100000, 0x0000000082200000|  0%| F|  |TAMS 0x0000000082100000, 0x0000000082100000| Untracked 
|   6|0x0000000082200000, 0x0000000082200000, 0x0000000082300000|  0%| F|  |TAMS 0x0000000082200000, 0x0000000082200000| Untracked 
|   7|0x0000000082300000, 0x0000000082300000, 0x0000000082400000|  0%| F|  |TAMS 0x0000000082300000, 0x0000000082300000| Untracked 
|   8|0x0000000082400000, 0x0000000082400000, 0x0000000082500000|  0%| F|  |TAMS 0x0000000082400000, 0x0000000082400000| Untracked 
|   9|0x0000000082500000, 0x0000000082500000, 0x0000000082600000|  0%| F|  |TAMS 0x0000000082500000, 0x0000000082500000| Untracked 
|  10|0x0000000082600000, 0x0000000082600000, 0x0000000082700000|  0%| F|  |TAMS 0x0000000082600000, 0x0000000082600000| Untracked 
|  11|0x0000000082700000, 0x0000000082700000, 0x0000000082800000|  0%| F|  |TAMS 0x0000000082700000, 0x0000000082700000| Untracked 
|  12|0x0000000082800000, 0x0000000082800000, 0x0000000082900000|  0%| F|  |TAMS 0x0000000082800000, 0x0000000082800000| Untracked 
|  13|0x0000000082900000, 0x0000000082900000, 0x0000000082a00000|  0%| F|  |TAMS 0x0000000082900000, 0x0000000082900000| Untracked 
|  14|0x0000000082a00000, 0x0000000082a00000, 0x0000000082b00000|  0%| F|  |TAMS 0x0000000082a00000, 0x0000000082a00000| Untracked 
|  15|0x0000000082b00000, 0x0000000082b00000, 0x0000000082c00000|  0%| F|  |TAMS 0x0000000082b00000, 0x0000000082b00000| Untracked 
|  16|0x0000000082c00000, 0x0000000082c00000, 0x0000000082d00000|  0%| F|  |TAMS 0x0000000082c00000, 0x0000000082c00000| Untracked 
|  17|0x0000000082d00000, 0x0000000082d00000, 0x0000000082e00000|  0%| F|  |TAMS 0x0000000082d00000, 0x0000000082d00000| Untracked 
|  18|0x0000000082e00000, 0x0000000082e00000, 0x0000000082f00000|  0%| F|  |TAMS 0x0000000082e00000, 0x0000000082e00000| Untracked 
|  19|0x0000000082f00000, 0x0000000082f00000, 0x0000000083000000|  0%| F|  |TAMS 0x0000000082f00000, 0x0000000082f00000| Untracked 
|  20|0x0000000083000000, 0x0000000083000000, 0x0000000083100000|  0%| F|  |TAMS 0x0000000083000000, 0x0000000083000000| Untracked 
|  21|0x0000000083100000, 0x0000000083100000, 0x0000000083200000|  0%| F|  |TAMS 0x0000000083100000, 0x0000000083100000| Untracked 
|  22|0x0000000083200000, 0x0000000083200000, 0x0000000083300000|  0%| F|  |TAMS 0x0000000083200000, 0x0000000083200000| Untracked 
|  23|0x0000000083300000, 0x0000000083300000, 0x0000000083400000|  0%| F|  |TAMS 0x0000000083300000, 0x0000000083300000| Untracked 
|  24|0x0000000083400000, 0x0000000083400000, 0x0000000083500000|  0%| F|  |TAMS 0x0000000083400000, 0x0000000083400000| Untracked 
|  25|0x0000000083500000, 0x0000000083500000, 0x0000000083600000|  0%| F|  |TAMS 0x0000000083500000, 0x0000000083500000| Untracked 
|  26|0x0000000083600000, 0x0000000083600000, 0x0000000083700000|  0%| F|  |TAMS 0x0000000083600000, 0x0000000083600000| Untracked 
|  27|0x0000000083700000, 0x0000000083700000, 0x0000000083800000|  0%| F|  |TAMS 0x0000000083700000, 0x0000000083700000| Untracked 
|  28|0x0000000083800000, 0x0000000083800000, 0x0000000083900000|  0%| F|  |TAMS 0x0000000083800000, 0x0000000083800000| Untracked 
|  29|0x0000000083900000, 0x0000000083900000, 0x0000000083a00000|  0%| F|  |TAMS 0x0000000083900000, 0x0000000083900000| Untracked 
|  30|0x0000000083a00000, 0x0000000083a00000, 0x0000000083b00000|  0%| F|  |TAMS 0x0000000083a00000, 0x0000000083a00000| Untracked 
|  31|0x0000000083b00000, 0x0000000083b00000, 0x0000000083c00000|  0%| F|  |TAMS 0x0000000083b00000, 0x0000000083b00000| Untracked 
|  32|0x0000000083c00000, 0x0000000083c00000, 0x0000000083d00000|  0%| F|  |TAMS 0x0000000083c00000, 0x0000000083c00000| Untracked 
|  33|0x0000000083d00000, 0x0000000083d00000, 0x0000000083e00000|  0%| F|  |TAMS 0x0000000083d00000, 0x0000000083d00000| Untracked 
|  34|0x0000000083e00000, 0x0000000083e00000, 0x0000000083f00000|  0%| F|  |TAMS 0x0000000083e00000, 0x0000000083e00000| Untracked 
|  35|0x0000000083f00000, 0x0000000083f00000, 0x0000000084000000|  0%| F|  |TAMS 0x0000000083f00000, 0x0000000083f00000| Untracked 
|  36|0x0000000084000000, 0x0000000084000000, 0x0000000084100000|  0%| F|  |TAMS 0x0000000084000000, 0x0000000084000000| Untracked 
|  37|0x0000000084100000, 0x0000000084100000, 0x0000000084200000|  0%| F|  |TAMS 0x0000000084100000, 0x0000000084100000| Untracked 
|  38|0x0000000084200000, 0x0000000084200000, 0x0000000084300000|  0%| F|  |TAMS 0x0000000084200000, 0x0000000084200000| Untracked 
|  39|0x0000000084300000, 0x0000000084300000, 0x0000000084400000|  0%| F|  |TAMS 0x0000000084300000, 0x0000000084300000| Untracked 
|  40|0x0000000084400000, 0x0000000084400000, 0x0000000084500000|  0%| F|  |TAMS 0x0000000084400000, 0x0000000084400000| Untracked 
|  41|0x0000000084500000, 0x0000000084500000, 0x0000000084600000|  0%| F|  |TAMS 0x0000000084500000, 0x0000000084500000| Untracked 
|  42|0x0000000084600000, 0x0000000084600000, 0x0000000084700000|  0%| F|  |TAMS 0x0000000084600000, 0x0000000084600000| Untracked 
|  43|0x0000000084700000, 0x0000000084700000, 0x0000000084800000|  0%| F|  |TAMS 0x0000000084700000, 0x0000000084700000| Untracked 
|  44|0x0000000084800000, 0x0000000084800000, 0x0000000084900000|  0%| F|  |TAMS 0x0000000084800000, 0x0000000084800000| Untracked 
|  45|0x0000000084900000, 0x0000000084900000, 0x0000000084a00000|  0%| F|  |TAMS 0x0000000084900000, 0x0000000084900000| Untracked 
|  46|0x0000000084a00000, 0x0000000084a00000, 0x0000000084b00000|  0%| F|  |TAMS 0x0000000084a00000, 0x0000000084a00000| Untracked 
|  47|0x0000000084b00000, 0x0000000084b00000, 0x0000000084c00000|  0%| F|  |TAMS 0x0000000084b00000, 0x0000000084b00000| Untracked 
|  48|0x0000000084c00000, 0x0000000084c00000, 0x0000000084d00000|  0%| F|  |TAMS 0x0000000084c00000, 0x0000000084c00000| Untracked 
|  49|0x0000000084d00000, 0x0000000084d00000, 0x0000000084e00000|  0%| F|  |TAMS 0x0000000084d00000, 0x0000000084d00000| Untracked 
|  50|0x0000000084e00000, 0x0000000084e00000, 0x0000000084f00000|  0%| F|  |TAMS 0x0000000084e00000, 0x0000000084e00000| Untracked 
|  51|0x0000000084f00000, 0x0000000084f00000, 0x0000000085000000|  0%| F|  |TAMS 0x0000000084f00000, 0x0000000084f00000| Untracked 
|  52|0x0000000085000000, 0x0000000085000000, 0x0000000085100000|  0%| F|  |TAMS 0x0000000085000000, 0x0000000085000000| Untracked 
|  53|0x0000000085100000, 0x0000000085100000, 0x0000000085200000|  0%| F|  |TAMS 0x0000000085100000, 0x0000000085100000| Untracked 
|  54|0x0000000085200000, 0x0000000085200000, 0x0000000085300000|  0%| F|  |TAMS 0x0000000085200000, 0x0000000085200000| Untracked 
|  55|0x0000000085300000, 0x0000000085300000, 0x0000000085400000|  0%| F|  |TAMS 0x0000000085300000, 0x0000000085300000| Untracked 
|  56|0x0000000085400000, 0x0000000085400000, 0x0000000085500000|  0%| F|  |TAMS 0x0000000085400000, 0x0000000085400000| Untracked 
|  57|0x0000000085500000, 0x0000000085500000, 0x0000000085600000|  0%| F|  |TAMS 0x0000000085500000, 0x0000000085500000| Untracked 
|  58|0x0000000085600000, 0x0000000085600000, 0x0000000085700000|  0%| F|  |TAMS 0x0000000085600000, 0x0000000085600000| Untracked 
|  59|0x0000000085700000, 0x0000000085700000, 0x0000000085800000|  0%| F|  |TAMS 0x0000000085700000, 0x0000000085700000| Untracked 
|  60|0x0000000085800000, 0x0000000085800000, 0x0000000085900000|  0%| F|  |TAMS 0x0000000085800000, 0x0000000085800000| Untracked 
|  61|0x0000000085900000, 0x0000000085900000, 0x0000000085a00000|  0%| F|  |TAMS 0x0000000085900000, 0x0000000085900000| Untracked 
|  62|0x0000000085a00000, 0x0000000085a00000, 0x0000000085b00000|  0%| F|  |TAMS 0x0000000085a00000, 0x0000000085a00000| Untracked 
|  63|0x0000000085b00000, 0x0000000085b00000, 0x0000000085c00000|  0%| F|  |TAMS 0x0000000085b00000, 0x0000000085b00000| Untracked 
|  64|0x0000000085c00000, 0x0000000085c00000, 0x0000000085d00000|  0%| F|  |TAMS 0x0000000085c00000, 0x0000000085c00000| Untracked 
|  65|0x0000000085d00000, 0x0000000085d00000, 0x0000000085e00000|  0%| F|  |TAMS 0x0000000085d00000, 0x0000000085d00000| Untracked 
|  66|0x0000000085e00000, 0x0000000085e00000, 0x0000000085f00000|  0%| F|  |TAMS 0x0000000085e00000, 0x0000000085e00000| Untracked 
|  67|0x0000000085f00000, 0x0000000085f00000, 0x0000000086000000|  0%| F|  |TAMS 0x0000000085f00000, 0x0000000085f00000| Untracked 
|  68|0x0000000086000000, 0x0000000086000000, 0x0000000086100000|  0%| F|  |TAMS 0x0000000086000000, 0x0000000086000000| Untracked 
|  69|0x0000000086100000, 0x0000000086100000, 0x0000000086200000|  0%| F|  |TAMS 0x0000000086100000, 0x0000000086100000| Untracked 
|  70|0x0000000086200000, 0x0000000086200000, 0x0000000086300000|  0%| F|  |TAMS 0x0000000086200000, 0x0000000086200000| Untracked 
|  71|0x0000000086300000, 0x0000000086300000, 0x0000000086400000|  0%| F|  |TAMS 0x0000000086300000, 0x0000000086300000| Untracked 
|  72|0x0000000086400000, 0x0000000086400000, 0x0000000086500000|  0%| F|  |TAMS 0x0000000086400000, 0x0000000086400000| Untracked 
|  73|0x0000000086500000, 0x0000000086500000, 0x0000000086600000|  0%| F|  |TAMS 0x0000000086500000, 0x0000000086500000| Untracked 
|  74|0x0000000086600000, 0x0000000086600000, 0x0000000086700000|  0%| F|  |TAMS 0x0000000086600000, 0x0000000086600000| Untracked 
|  75|0x0000000086700000, 0x0000000086700000, 0x0000000086800000|  0%| F|  |TAMS 0x0000000086700000, 0x0000000086700000| Untracked 
|  76|0x0000000086800000, 0x0000000086800000, 0x0000000086900000|  0%| F|  |TAMS 0x0000000086800000, 0x0000000086800000| Untracked 
|  77|0x0000000086900000, 0x0000000086900000, 0x0000000086a00000|  0%| F|  |TAMS 0x0000000086900000, 0x0000000086900000| Untracked 
|  78|0x0000000086a00000, 0x0000000086a00000, 0x0000000086b00000|  0%| F|  |TAMS 0x0000000086a00000, 0x0000000086a00000| Untracked 
|  79|0x0000000086b00000, 0x0000000086b00000, 0x0000000086c00000|  0%| F|  |TAMS 0x0000000086b00000, 0x0000000086b00000| Untracked 
|  80|0x0000000086c00000, 0x0000000086c00000, 0x0000000086d00000|  0%| F|  |TAMS 0x0000000086c00000, 0x0000000086c00000| Untracked 
|  81|0x0000000086d00000, 0x0000000086d00000, 0x0000000086e00000|  0%| F|  |TAMS 0x0000000086d00000, 0x0000000086d00000| Untracked 
|  82|0x0000000086e00000, 0x0000000086e00000, 0x0000000086f00000|  0%| F|  |TAMS 0x0000000086e00000, 0x0000000086e00000| Untracked 
|  83|0x0000000086f00000, 0x0000000086f00000, 0x0000000087000000|  0%| F|  |TAMS 0x0000000086f00000, 0x0000000086f00000| Untracked 
|  84|0x0000000087000000, 0x0000000087000000, 0x0000000087100000|  0%| F|  |TAMS 0x0000000087000000, 0x0000000087000000| Untracked 
|  85|0x0000000087100000, 0x0000000087100000, 0x0000000087200000|  0%| F|  |TAMS 0x0000000087100000, 0x0000000087100000| Untracked 
|  86|0x0000000087200000, 0x0000000087200000, 0x0000000087300000|  0%| F|  |TAMS 0x0000000087200000, 0x0000000087200000| Untracked 
|  87|0x0000000087300000, 0x0000000087300000, 0x0000000087400000|  0%| F|  |TAMS 0x0000000087300000, 0x0000000087300000| Untracked 
|  88|0x0000000087400000, 0x0000000087400000, 0x0000000087500000|  0%| F|  |TAMS 0x0000000087400000, 0x0000000087400000| Untracked 
|  89|0x0000000087500000, 0x0000000087500000, 0x0000000087600000|  0%| F|  |TAMS 0x0000000087500000, 0x0000000087500000| Untracked 
|  90|0x0000000087600000, 0x0000000087600000, 0x0000000087700000|  0%| F|  |TAMS 0x0000000087600000, 0x0000000087600000| Untracked 
|  91|0x0000000087700000, 0x0000000087700000, 0x0000000087800000|  0%| F|  |TAMS 0x0000000087700000, 0x0000000087700000| Untracked 
|  92|0x0000000087800000, 0x0000000087800000, 0x0000000087900000|  0%| F|  |TAMS 0x0000000087800000, 0x0000000087800000| Untracked 
|  93|0x0000000087900000, 0x0000000087900000, 0x0000000087a00000|  0%| F|  |TAMS 0x0000000087900000, 0x0000000087900000| Untracked 
|  94|0x0000000087a00000, 0x0000000087a00000, 0x0000000087b00000|  0%| F|  |TAMS 0x0000000087a00000, 0x0000000087a00000| Untracked 
|  95|0x0000000087b00000, 0x0000000087b00000, 0x0000000087c00000|  0%| F|  |TAMS 0x0000000087b00000, 0x0000000087b00000| Untracked 
|  96|0x0000000087c00000, 0x0000000087c00000, 0x0000000087d00000|  0%| F|  |TAMS 0x0000000087c00000, 0x0000000087c00000| Untracked 
|  97|0x0000000087d00000, 0x0000000087d00000, 0x0000000087e00000|  0%| F|  |TAMS 0x0000000087d00000, 0x0000000087d00000| Untracked 
|  98|0x0000000087e00000, 0x0000000087e00000, 0x0000000087f00000|  0%| F|  |TAMS 0x0000000087e00000, 0x0000000087e00000| Untracked 
|  99|0x0000000087f00000, 0x0000000087f00000, 0x0000000088000000|  0%| F|  |TAMS 0x0000000087f00000, 0x0000000087f00000| Untracked 
| 100|0x0000000088000000, 0x0000000088000000, 0x0000000088100000|  0%| F|  |TAMS 0x0000000088000000, 0x0000000088000000| Untracked 
| 101|0x0000000088100000, 0x0000000088100000, 0x0000000088200000|  0%| F|  |TAMS 0x0000000088100000, 0x0000000088100000| Untracked 
| 102|0x0000000088200000, 0x0000000088200000, 0x0000000088300000|  0%| F|  |TAMS 0x0000000088200000, 0x0000000088200000| Untracked 
| 103|0x0000000088300000, 0x0000000088300000, 0x0000000088400000|  0%| F|  |TAMS 0x0000000088300000, 0x0000000088300000| Untracked 
| 104|0x0000000088400000, 0x0000000088400000, 0x0000000088500000|  0%| F|  |TAMS 0x0000000088400000, 0x0000000088400000| Untracked 
| 105|0x0000000088500000, 0x0000000088500000, 0x0000000088600000|  0%| F|  |TAMS 0x0000000088500000, 0x0000000088500000| Untracked 
| 106|0x0000000088600000, 0x0000000088600000, 0x0000000088700000|  0%| F|  |TAMS 0x0000000088600000, 0x0000000088600000| Untracked 
| 107|0x0000000088700000, 0x0000000088700000, 0x0000000088800000|  0%| F|  |TAMS 0x0000000088700000, 0x0000000088700000| Untracked 
| 108|0x0000000088800000, 0x0000000088800000, 0x0000000088900000|  0%| F|  |TAMS 0x0000000088800000, 0x0000000088800000| Untracked 
| 109|0x0000000088900000, 0x0000000088900000, 0x0000000088a00000|  0%| F|  |TAMS 0x0000000088900000, 0x0000000088900000| Untracked 
| 110|0x0000000088a00000, 0x0000000088a00000, 0x0000000088b00000|  0%| F|  |TAMS 0x0000000088a00000, 0x0000000088a00000| Untracked 
| 111|0x0000000088b00000, 0x0000000088b00000, 0x0000000088c00000|  0%| F|  |TAMS 0x0000000088b00000, 0x0000000088b00000| Untracked 
| 112|0x0000000088c00000, 0x0000000088c00000, 0x0000000088d00000|  0%| F|  |TAMS 0x0000000088c00000, 0x0000000088c00000| Untracked 
| 113|0x0000000088d00000, 0x0000000088d00000, 0x0000000088e00000|  0%| F|  |TAMS 0x0000000088d00000, 0x0000000088d00000| Untracked 
| 114|0x0000000088e00000, 0x0000000088e00000, 0x0000000088f00000|  0%| F|  |TAMS 0x0000000088e00000, 0x0000000088e00000| Untracked 
| 115|0x0000000088f00000, 0x0000000088f00000, 0x0000000089000000|  0%| F|  |TAMS 0x0000000088f00000, 0x0000000088f00000| Untracked 
| 116|0x0000000089000000, 0x0000000089000000, 0x0000000089100000|  0%| F|  |TAMS 0x0000000089000000, 0x0000000089000000| Untracked 
| 117|0x0000000089100000, 0x0000000089100000, 0x0000000089200000|  0%| F|  |TAMS 0x0000000089100000, 0x0000000089100000| Untracked 
| 118|0x0000000089200000, 0x0000000089200000, 0x0000000089300000|  0%| F|  |TAMS 0x0000000089200000, 0x0000000089200000| Untracked 
| 119|0x0000000089300000, 0x0000000089300000, 0x0000000089400000|  0%| F|  |TAMS 0x0000000089300000, 0x0000000089300000| Untracked 
| 120|0x0000000089400000, 0x0000000089400000, 0x0000000089500000|  0%| F|  |TAMS 0x0000000089400000, 0x0000000089400000| Untracked 
| 121|0x0000000089500000, 0x0000000089500000, 0x0000000089600000|  0%| F|  |TAMS 0x0000000089500000, 0x0000000089500000| Untracked 
| 122|0x0000000089600000, 0x0000000089600000, 0x0000000089700000|  0%| F|  |TAMS 0x0000000089600000, 0x0000000089600000| Untracked 
| 123|0x0000000089700000, 0x0000000089700000, 0x0000000089800000|  0%| F|  |TAMS 0x0000000089700000, 0x0000000089700000| Untracked 
| 124|0x0000000089800000, 0x0000000089800000, 0x0000000089900000|  0%| F|  |TAMS 0x0000000089800000, 0x0000000089800000| Untracked 
| 125|0x0000000089900000, 0x0000000089900000, 0x0000000089a00000|  0%| F|  |TAMS 0x0000000089900000, 0x0000000089900000| Untracked 
| 126|0x0000000089a00000, 0x0000000089b00000, 0x0000000089b00000|100%| E|  |TAMS 0x0000000089a00000, 0x0000000089a00000| Complete 
| 127|0x0000000089b00000, 0x0000000089c00000, 0x0000000089c00000|100%| E|CS|TAMS 0x0000000089b00000, 0x0000000089b00000| Complete 

Card table byte_map: [0x0000017dac120000,0x0000017dac520000] _byte_map_base: 0x0000017dabd12000

Marking Bits (Prev, Next): (CMBitMap*) 0x0000017d954fb650, (CMBitMap*) 0x0000017d954fb690
 Prev Bits: [0x0000017dac920000, 0x0000017dae8b0000)
 Next Bits: [0x0000017dae8b0000, 0x0000017db0840000)

Polling page: 0x0000017d93210000

Metaspace:

Usage:
  Non-class:      5.06 MB used.
      Class:    483.21 KB used.
       Both:      5.54 MB used.

Virtual space:
  Non-class space:        8.00 MB reserved,       5.12 MB ( 64%) committed,  1 nodes.
      Class space:        1.00 GB reserved,     512.00 KB ( <1%) committed,  1 nodes.
             Both:        1.01 GB reserved,       5.62 MB ( <1%) committed. 

Chunk freelists:
   Non-Class:  2.50 MB
       Class:  3.51 MB
        Both:  6.01 MB

MaxMetaspaceSize: unlimited
CompressedClassSpaceSize: 1.00 GB
Initial GC threshold: 21.00 MB
Current GC threshold: 21.00 MB
CDS: off
MetaspaceReclaimPolicy: balanced
 - commit_granule_bytes: 65536.
 - commit_granule_words: 8192.
 - virtual_space_node_default_size: 1048576.
 - enlarge_chunks_in_place: 1.
 - new_chunks_are_fully_committed: 0.
 - uncommit_free_chunks: 1.
 - use_allocation_guard: 0.
 - handle_deallocations: 1.


Internal statistics:

num_allocs_failed_limit: 0.
num_arena_births: 4.
num_arena_deaths: 0.
num_vsnodes_births: 2.
num_vsnodes_deaths: 0.
num_space_committed: 90.
num_space_uncommitted: 0.
num_chunks_returned_to_freelist: 0.
num_chunks_taken_from_freelist: 11.
num_chunk_merges: 0.
num_chunk_splits: 3.
num_chunks_enlarged: 1.
num_purges: 0.
num_inconsistent_stats: 0.

CodeHeap 'non-profiled nmethods': size=120000Kb used=60Kb max_used=60Kb free=119939Kb
 bounds [0x0000017da47f0000, 0x0000017da4a60000, 0x0000017dabd20000]
CodeHeap 'profiled nmethods': size=120000Kb used=198Kb max_used=198Kb free=119801Kb
 bounds [0x0000017d9d2c0000, 0x0000017d9d530000, 0x0000017da47f0000]
CodeHeap 'non-nmethods': size=5760Kb used=1088Kb max_used=1106Kb free=4671Kb
 bounds [0x0000017d9cd20000, 0x0000017d9cf90000, 0x0000017d9d2c0000]
 total_blobs=545 nmethods=187 adapters=271
 compilation: enabled
              stopped_count=0, restarted_count=0
 full_count=0

Compilation events (20 events):
Event: 0.360 Thread 0x0000017db382fc60  176       1       java.lang.module.ModuleDescriptor$Version::toString (5 bytes)
Event: 0.360 Thread 0x0000017db382fc60 nmethod 176 0x0000017da47fca90 code [0x0000017da47fcc20, 0x0000017da47fccf8]
Event: 0.360 Thread 0x0000017db382fc60  178       3       java.util.HashMap::<init> (11 bytes)
Event: 0.361 Thread 0x0000017db382fc60 nmethod 178 0x0000017d9d2eff10 code [0x0000017d9d2f00c0, 0x0000017d9d2f0298]
Event: 0.362 Thread 0x0000017db382fc60  179       3       java.util.ImmutableCollections$Set12::iterator (9 bytes)
Event: 0.362 Thread 0x0000017db382fc60 nmethod 179 0x0000017d9d2f0390 code [0x0000017d9d2f0540, 0x0000017d9d2f0818]
Event: 0.363 Thread 0x0000017db382fc60  180       3       java.util.ImmutableCollections$Set12$1::<init> (32 bytes)
Event: 0.363 Thread 0x0000017db382fc60 nmethod 180 0x0000017d9d2f0910 code [0x0000017d9d2f0ac0, 0x0000017d9d2f0cf8]
Event: 0.363 Thread 0x0000017db382fc60  185       3       java.lang.module.ResolvedModule::name (11 bytes)
Event: 0.363 Thread 0x0000017db382fc60 nmethod 185 0x0000017d9d2f0e10 code [0x0000017d9d2f0fa0, 0x0000017d9d2f10f8]
Event: 0.364 Thread 0x0000017db382fc60  182       1       java.lang.module.ResolvedModule::configuration (5 bytes)
Event: 0.364 Thread 0x0000017db382fc60 nmethod 182 0x0000017da47fcd90 code [0x0000017da47fcf20, 0x0000017da47fcff8]
Event: 0.364 Thread 0x0000017db382fc60  187       1       java.lang.module.ModuleDescriptor$Provides::service (5 bytes)
Event: 0.364 Thread 0x0000017db382fc60 nmethod 187 0x0000017da47fd090 code [0x0000017da47fd220, 0x0000017da47fd2f8]
Event: 0.364 Thread 0x0000017db382fc60  181       3       java.util.HashSet::<init> (16 bytes)
Event: 0.365 Thread 0x0000017db382fc60 nmethod 181 0x0000017d9d2f1210 code [0x0000017d9d2f13e0, 0x0000017d9d2f17f8]
Event: 0.365 Thread 0x0000017db382fc60  183       1       java.lang.module.ModuleDescriptor::isOpen (5 bytes)
Event: 0.365 Thread 0x0000017db382fc60 nmethod 183 0x0000017da47fd390 code [0x0000017da47fd520, 0x0000017da47fd5f8]
Event: 0.365 Thread 0x0000017db382fc60  186       1       java.util.HashMap::size (5 bytes)
Event: 0.365 Thread 0x0000017db382fc60 nmethod 186 0x0000017da47fd690 code [0x0000017da47fd820, 0x0000017da47fd8f8]

GC Heap History (0 events):
No events

Deoptimization events (0 events):
No events

Classes unloaded (0 events):
No events

Classes redefined (0 events):
No events

Internal exceptions (4 events):
Event: 0.318 Thread 0x0000017d954bca30 Exception <a 'sun/nio/fs/WindowsException'{0x0000000089a49c30}> (0x0000000089a49c30) 
thrown [t:\workspace\open\src\hotspot\share\prims\jni.cpp, line 516]
Event: 0.319 Thread 0x0000017d954bca30 Exception <a 'sun/nio/fs/WindowsException'{0x0000000089a4a1b0}> (0x0000000089a4a1b0) 
thrown [t:\workspace\open\src\hotspot\share\prims\jni.cpp, line 516]
Event: 0.323 Thread 0x0000017d954bca30 Exception <a 'sun/nio/fs/WindowsException'{0x0000000089a4c648}> (0x0000000089a4c648) 
thrown [t:\workspace\open\src\hotspot\share\prims\jni.cpp, line 516]
Event: 0.323 Thread 0x0000017d954bca30 Exception <a 'sun/nio/fs/WindowsException'{0x0000000089a4d150}> (0x0000000089a4d150) 
thrown [t:\workspace\open\src\hotspot\share\prims\jni.cpp, line 516]

VM Operations (2 events):
Event: 0.329 Executing VM operation: HandshakeAllThreads
Event: 0.329 Executing VM operation: HandshakeAllThreads done

Events (20 events):
Event: 0.363 loading class jdk/internal/loader/AbstractClassLoaderValue$Memoizer done
Event: 0.363 loading class jdk/internal/module/ServicesCatalog$ServiceProvider
Event: 0.363 loading class jdk/internal/module/ServicesCatalog$ServiceProvider done
Event: 0.363 loading class java/util/concurrent/CopyOnWriteArrayList
Event: 0.363 loading class java/util/concurrent/CopyOnWriteArrayList done
Event: 0.364 loading class java/lang/ModuleLayer$Controller
Event: 0.364 loading class java/lang/ModuleLayer$Controller done
Event: 0.364 loading class jdk/internal/module/ModuleBootstrap$SafeModuleFinder
Event: 0.364 loading class jdk/internal/module/ModuleBootstrap$SafeModuleFinder done
Event: 0.365 loading class java/lang/invoke/StringConcatFactory
Event: 0.365 loading class java/lang/invoke/StringConcatFactory done
Event: 0.365 loading class java/lang/invoke/StringConcatFactory$1
Event: 0.365 loading class java/lang/invoke/StringConcatFactory$1 done
Event: 0.366 loading class java/lang/invoke/StringConcatFactory$2
Event: 0.366 loading class java/lang/invoke/StringConcatFactory$2 done
Event: 0.366 loading class java/lang/invoke/StringConcatFactory$3
Event: 0.366 loading class java/lang/invoke/StringConcatFactory$3 done
Event: 0.367 Thread 0x0000017db38212f0 Thread added: 0x0000017db38212f0
Event: 0.367 loading class jdk/internal/vm/PostVMInitHook
Event: 0.367 loading class jdk/internal/vm/PostVMInitHook done


Dynamic libraries:
0x00007ff6775f0000 - 0x00007ff677600000 	C:\Program Files\Java\jdk-17.0.2\bin\java.exe
0x00007ffe4e830000 - 0x00007ffe4ea27000 	C:\Windows\SYSTEM32\ntdll.dll
0x00007ffe4e730000 - 0x00007ffe4e7ed000 	C:\Windows\System32\KERNEL32.DLL
0x00007ffe4c490000 - 0x00007ffe4c786000 	C:\Windows\System32\KERNELBASE.dll
0x00007ffe4c790000 - 0x00007ffe4c890000 	C:\Windows\System32\ucrtbase.dll
0x00007ffe38130000 - 0x00007ffe3814a000 	C:\Program Files\Java\jdk-17.0.2\bin\VCRUNTIME140.dll
0x00007ffe3a0f0000 - 0x00007ffe3a108000 	C:\Program Files\Java\jdk-17.0.2\bin\jli.dll
0x00007ffe4db70000 - 0x00007ffe4dc1e000 	C:\Windows\System32\ADVAPI32.dll
0x00007ffe4de60000 - 0x00007ffe4defe000 	C:\Windows\System32\msvcrt.dll
0x00007ffe4d7b0000 - 0x00007ffe4d84c000 	C:\Windows\System32\sechost.dll
0x00007ffe4e600000 - 0x00007ffe4e726000 	C:\Windows\System32\RPCRT4.dll
0x00007ffe4d920000 - 0x00007ffe4dabe000 	C:\Windows\System32\USER32.dll
0x00007ffe4c460000 - 0x00007ffe4c482000 	C:\Windows\System32\win32u.dll
0x00007ffe286c0000 - 0x00007ffe2895a000 	C:\Windows\WinSxS\amd64_microsoft.windows.common-controls_6595b64144ccf1df_6.0.19041.3570_none_60bb2a3971f3e41a\COMCTL32.dll
0x00007ffe4dc90000 - 0x00007ffe4dcbc000 	C:\Windows\System32\GDI32.dll
0x00007ffe4c280000 - 0x00007ffe4c39a000 	C:\Windows\System32\gdi32full.dll
0x00007ffe4c0a0000 - 0x00007ffe4c13d000 	C:\Windows\System32\msvcp_win.dll
0x00007ffe41040000 - 0x00007ffe4104a000 	C:\Windows\SYSTEM32\VERSION.dll
0x00007ffe4cda0000 - 0x00007ffe4cdd0000 	C:\Windows\System32\IMM32.DLL
0x00007ffe3c3f0000 - 0x00007ffe3c3fc000 	C:\Program Files\Java\jdk-17.0.2\bin\vcruntime140_1.dll
0x00007ffe1fa80000 - 0x00007ffe1fb0d000 	C:\Program Files\Java\jdk-17.0.2\bin\msvcp140.dll
0x00007ffdde1d0000 - 0x00007ffdded91000 	C:\Program Files\Java\jdk-17.0.2\bin\server\jvm.dll
0x00007ffe4e5f0000 - 0x00007ffe4e5f8000 	C:\Windows\System32\PSAPI.DLL
0x00007ffe33360000 - 0x00007ffe33387000 	C:\Windows\SYSTEM32\WINMM.dll
0x00007ffe31c00000 - 0x00007ffe31c09000 	C:\Windows\SYSTEM32\WSOCK32.dll
0x00007ffe4d8b0000 - 0x00007ffe4d91b000 	C:\Windows\System32\ws2_32.DLL
0x00007ffe4a790000 - 0x00007ffe4a7a2000 	C:\Windows\SYSTEM32\kernel.appcore.dll
0x00007ffe38120000 - 0x00007ffe3812a000 	C:\Program Files\Java\jdk-17.0.2\bin\jimage.dll
0x00007ffe49d80000 - 0x00007ffe49f64000 	C:\Windows\SYSTEM32\DBGHELP.DLL
0x00007ffe3c740000 - 0x00007ffe3c774000 	C:\Windows\SYSTEM32\dbgcore.DLL
0x00007ffe4c1f0000 - 0x00007ffe4c272000 	C:\Windows\System32\bcryptPrimitives.dll
0x00007ffe1ff60000 - 0x00007ffe1ff85000 	C:\Program Files\Java\jdk-17.0.2\bin\java.dll
0x00007ffe1a750000 - 0x00007ffe1a826000 	C:\Program Files\Java\jdk-17.0.2\bin\jsvml.dll
0x00007ffe4cf20000 - 0x00007ffe4d664000 	C:\Windows\System32\SHELL32.dll
0x00007ffe49f70000 - 0x00007ffe4a70b000 	C:\Windows\SYSTEM32\windows.storage.dll
0x00007ffe4ca40000 - 0x00007ffe4cd94000 	C:\Windows\System32\combase.dll
0x00007ffe4b880000 - 0x00007ffe4b8ad000 	C:\Windows\SYSTEM32\Wldp.dll
0x00007ffe4dac0000 - 0x00007ffe4db6d000 	C:\Windows\System32\SHCORE.dll
0x00007ffe4d6f0000 - 0x00007ffe4d745000 	C:\Windows\System32\shlwapi.dll
0x00007ffe4be40000 - 0x00007ffe4be65000 	C:\Windows\SYSTEM32\profapi.dll
0x00007ffe26d90000 - 0x00007ffe26da9000 	C:\Program Files\Java\jdk-17.0.2\bin\net.dll
0x00007ffe40f30000 - 0x00007ffe4103a000 	C:\Windows\SYSTEM32\WINHTTP.dll
0x00007ffe4b5e0000 - 0x00007ffe4b64a000 	C:\Windows\system32\mswsock.dll
0x00007ffe1fb30000 - 0x00007ffe1fb46000 	C:\Program Files\Java\jdk-17.0.2\bin\nio.dll

dbghelp: loaded successfully - version: 4.0.5 - missing functions: none
symbol engine: initialized successfully - sym options: 0x614 - pdb path: .;C:\Program Files\Java\jdk-17.0.2\bin;C:\Windows\SYSTEM32;C:\Windows\WinSxS\amd64_microsoft.windows.common-controls_6595b64144ccf1df_6.0.19041.3570_none_60bb2a3971f3e41a;C:\Program Files\Java\jdk-17.0.2\bin\server

VM Arguments:
jvm_args: -Dfile.encoding=UTF-8 --module-path=C:\Users\hp\Documents\NetBeansProjects\Electricity Billing System\build\classes 
java_command: electricity.billing.system.Signup
java_class_path (initial): C:\Users\hp\Documents\NetBeansProjects\Electricity Billing System\build\classes
Launcher Type: SUN_STANDARD

[Global flags]
     intx CICompilerCount                          = 3                                         {product} {ergonomic}
     uint ConcGCThreads                            = 1                                         {product} {ergonomic}
     uint G1ConcRefinementThreads                  = 4                                         {product} {ergonomic}
   size_t G1HeapRegionSize                         = 1048576                                   {product} {ergonomic}
    uintx GCDrainStackTargetSize                   = 64                                        {product} {ergonomic}
   size_t InitialHeapSize                          = 134217728                                 {product} {ergonomic}
   size_t MarkStackSize                            = 4194304                                   {product} {ergonomic}
   size_t MaxHeapSize                              = 2118123520                                {product} {ergonomic}
   size_t MaxNewSize                               = 1270874112                                {product} {ergonomic}
   size_t MinHeapDeltaBytes                        = 1048576                                   {product} {ergonomic}
   size_t MinHeapSize                              = 8388608                                   {product} {ergonomic}
    uintx NonNMethodCodeHeapSize                   = 5832780                                {pd product} {ergonomic}
    uintx NonProfiledCodeHeapSize                  = 122912730                              {pd product} {ergonomic}
    uintx ProfiledCodeHeapSize                     = 122912730                              {pd product} {ergonomic}
    uintx ReservedCodeCacheSize                    = 251658240                              {pd product} {ergonomic}
     bool SegmentedCodeCache                       = true                                      {product} {ergonomic}
   size_t SoftMaxHeapSize                          = 2118123520                             {manageable} {ergonomic}
     bool UseCompressedClassPointers               = true                           {product lp64_product} {ergonomic}
     bool UseCompressedOops                        = true                           {product lp64_product} {ergonomic}
     bool UseG1GC                                  = true                                      {product} {ergonomic}
     bool UseLargePagesIndividualAllocation        = false                                  {pd product} {ergonomic}

Logging:
Log output configuration:
 #0: stdout all=warning uptime,level,tags
 #1: stderr all=off uptime,level,tags

Environment Variables:
PATH=C:\Program Files\Common Files\Oracle\Java\javapath;C:\Windows\system32;C:\Windows;C:\Windows\System32\Wbem;C:\Windows\System32\WindowsPowerShell\v1.0\;C:\Windows\System32\OpenSSH\;C:\Program Files\Java\jdk-17.0.2\bin;C:\Program Files\MySQL\MySQL Shell 8.0\bin\;C:\Users\hp\AppData\Local\Microsoft\WindowsApps;
USERNAME=hp
OS=Windows_NT
PROCESSOR_IDENTIFIER=Intel64 Family 6 Model 78 Stepping 3, GenuineIntel



---------------  S Y S T E M  ---------------

OS:
 Windows 10 , 64 bit Build 19041 (10.0.19041.3570)
OS uptime: 1 days 7:00 hours

CPU: total 4 (initial active 4) (2 cores per cpu, 2 threads per core) family 6 model 78 stepping 3 microcode 0xcc, cx8, cmov, fxsr, ht, mmx, 3dnowpref, sse, sse2, sse3, ssse3, sse4.1, sse4.2, popcnt, lzcnt, tsc, tscinvbit, avx, avx2, aes, erms, clmul, bmi1, bmi2, rtm, adx, fma, vzeroupper, clflush, clflushopt

Memory: 4k page, system-wide physical 8072M (1227M free)
TotalPageFile size 23260M (AvailPageFile size 5M)
current process WorkingSet (physical memory assigned to process): 30M, peak: 30M
current process commit charge ("private bytes"): 196M, peak: 197M

vm_info: Java HotSpot(TM) 64-Bit Server VM (17.0.2+8-LTS-86) for windows-amd64 JRE (17.0.2+8-LTS-86), built on Dec  7 2021 21:51:03 by "mach5one" with MS VC++ 16.8 / 16.9 (VS2019)

END.
