#
# There is insufficient memory for the Java Runtime Environment to continue.
# Native memory allocation (malloc) failed to allocate 304896 bytes for Chunk::new
# Possible reasons:
#   The system is out of physical RAM or swap space
#   The process is running with CompressedOops enabled, and the Java Heap may be blocking the growth of the native heap
# Possible solutions:
#   Reduce memory load on the system
#   Increase physical memory or swap space
#   Check if swap backing store is full
#   Decrease Java heap size (-Xmx/-Xms)
#   Decrease number of Java threads
#   Decrease Java thread stack sizes (-Xss)
#   Set larger code cache with -XX:ReservedCodeCacheSize=
#   JVM is running with Unscaled Compressed Oops mode in which the Java heap is
#     placed in the first 4GB address space. The Java Heap base address is the
#     maximum limit for the native heap growth. Please use -XX:HeapBaseMinAddress
#     to set the Java Heap base and to place the Java Heap above 4GB virtual address.
# This output file may be truncated or incomplete.
#
#  Out of Memory Error (arena.cpp:189), pid=6112, tid=3920
#
# JRE version: Java(TM) SE Runtime Environment (17.0.2+8) (build 17.0.2+8-LTS-86)
# Java VM: Java HotSpot(TM) 64-Bit Server VM (17.0.2+8-LTS-86, mixed mode, sharing, tiered, compressed oops, compressed class ptrs, g1 gc, windows-amd64)
# No core dump will be written. Minidumps are not enabled by default on client versions of Windows
#

---------------  S U M M A R Y ------------

Command Line: -Dfile.encoding=UTF-8 --module-path=C:\Users\hp\Documents\NetBeansProjects\Electricity Billing System\build\classes electricity.billing.system.ViewInformation

Host: Intel(R) Core(TM) i5-6300U CPU @ 2.40GHz, 4 cores, 7G,  Windows 10 , 64 bit Build 19041 (10.0.19041.3636)
Time: Fri Dec  1 19:03:31 2023 Pakistan Standard Time elapsed time: 0.552012 seconds (0d 0h 0m 0s)

---------------  T H R E A D  ---------------

Current thread (0x0000012a387ed9a0):  JavaThread "C2 CompilerThread0" daemon [_thread_in_native, id=3920, stack(0x000000054fc00000,0x000000054fd00000)]


Current CompileTask:
C2:    552  612       4       java.util.Properties::loadConvert (540 bytes)

Stack: [0x000000054fc00000,0x000000054fd00000]
Native frames: (J=compiled Java code, j=interpreted, Vv=VM code, C=native code)
V  [jvm.dll+0x670baa]
V  [jvm.dll+0x7cfcb4]
V  [jvm.dll+0x7d145e]
V  [jvm.dll+0x7d1ac3]
V  [jvm.dll+0x242bc5]
V  [jvm.dll+0xaa57b]
V  [jvm.dll+0xaab0c]
V  [jvm.dll+0x2a991f]
V  [jvm.dll+0x5792d9]
V  [jvm.dll+0x21de3d]
V  [jvm.dll+0x21e21f]
V  [jvm.dll+0x217ae5]
V  [jvm.dll+0x214fab]
V  [jvm.dll+0x1a1bbd]
V  [jvm.dll+0x224908]
V  [jvm.dll+0x222a6c]
V  [jvm.dll+0x7859bb]
V  [jvm.dll+0x77ff7a]
V  [jvm.dll+0x66fa35]
C  [ucrtbase.dll+0x21bb2]
C  [KERNEL32.DLL+0x17344]
C  [ntdll.dll+0x526b1]


---------------  P R O C E S S  ---------------

Threads class SMR info:
_java_thread_list=0x0000012a3963a400, length=17, elements={
0x0000012a190b9d80, 0x0000012a387d3220, 0x0000012a387d5750, 0x0000012a387e56d0,
0x0000012a387e6fa0, 0x0000012a387e8000, 0x0000012a387e9060, 0x0000012a387ed9a0,
0x0000012a387eeaf0, 0x0000012a387f1f90, 0x0000012a39423f40, 0x0000012a394c62e0,
0x0000012a394c77c0, 0x0000012a396bdf20, 0x0000012a396c0eb0, 0x0000012a396c4190,
0x0000012a396ff660
}

Java Threads: ( => current thread )
  0x0000012a190b9d80 JavaThread "main" [_thread_in_vm, id=2092, stack(0x000000054ef00000,0x000000054f000000)]
  0x0000012a387d3220 JavaThread "Reference Handler" daemon [_thread_blocked, id=2540, stack(0x000000054f600000,0x000000054f700000)]
  0x0000012a387d5750 JavaThread "Finalizer" daemon [_thread_blocked, id=13996, stack(0x000000054f700000,0x000000054f800000)]
  0x0000012a387e56d0 JavaThread "Signal Dispatcher" daemon [_thread_blocked, id=18824, stack(0x000000054f800000,0x000000054f900000)]
  0x0000012a387e6fa0 JavaThread "Attach Listener" daemon [_thread_blocked, id=9208, stack(0x000000054f900000,0x000000054fa00000)]
  0x0000012a387e8000 JavaThread "Service Thread" daemon [_thread_blocked, id=8092, stack(0x000000054fa00000,0x000000054fb00000)]
  0x0000012a387e9060 JavaThread "Monitor Deflation Thread" daemon [_thread_blocked, id=9392, stack(0x000000054fb00000,0x000000054fc00000)]
=>0x0000012a387ed9a0 JavaThread "C2 CompilerThread0" daemon [_thread_in_native, id=3920, stack(0x000000054fc00000,0x000000054fd00000)]
  0x0000012a387eeaf0 JavaThread "C1 CompilerThread0" daemon [_thread_blocked, id=5884, stack(0x000000054fd00000,0x000000054fe00000)]
  0x0000012a387f1f90 JavaThread "Sweeper thread" daemon [_thread_blocked, id=12384, stack(0x000000054fe00000,0x000000054ff00000)]
  0x0000012a39423f40 JavaThread "Common-Cleaner" daemon [_thread_blocked, id=20904, stack(0x000000054ff00000,0x0000000550000000)]
  0x0000012a394c62e0 JavaThread "Notification Thread" daemon [_thread_blocked, id=6872, stack(0x0000000550000000,0x0000000550100000)]
  0x0000012a394c77c0 JavaThread "C2 CompilerThread1" daemon [_thread_in_native, id=13792, stack(0x0000000550200000,0x0000000550300000)]
  0x0000012a396bdf20 JavaThread "Java2D Disposer" daemon [_thread_blocked, id=17456, stack(0x0000000550300000,0x0000000550400000)]
  0x0000012a396c0eb0 JavaThread "AWT-Shutdown" [_thread_blocked, id=13484, stack(0x0000000550400000,0x0000000550500000)]
  0x0000012a396c4190 JavaThread "AWT-Windows" daemon [_thread_in_native, id=10788, stack(0x0000000550500000,0x0000000550600000)]
  0x0000012a396ff660 JavaThread "mysql-cj-abandoned-connection-cleanup" daemon [_thread_blocked, id=4104, stack(0x0000000550600000,0x0000000550700000)]

Other Threads:
  0x0000012a387cc2b0 VMThread "VM Thread" [stack: 0x000000054f500000,0x000000054f600000] [id=5280]
  0x0000012a191147a0 WatcherThread [stack: 0x0000000550100000,0x0000000550200000] [id=5092]
  0x0000012a190fa120 GCTaskThread "GC Thread#0" [stack: 0x000000054f000000,0x000000054f100000] [id=9092]
  0x0000012a1910cc10 ConcurrentGCThread "G1 Main Marker" [stack: 0x000000054f100000,0x000000054f200000] [id=7008]
  0x0000012a1910dcd0 ConcurrentGCThread "G1 Conc#0" [stack: 0x000000054f200000,0x000000054f300000] [id=14904]
  0x0000012a19187660 ConcurrentGCThread "G1 Refine#0" [stack: 0x000000054f300000,0x000000054f400000] [id=21768]
  0x0000012a19187f90 ConcurrentGCThread "G1 Service" [stack: 0x000000054f400000,0x000000054f500000] [id=252]

Threads with active compile tasks:
C2 CompilerThread0      603  612       4       java.util.Properties::loadConvert (540 bytes)
C2 CompilerThread1      603  618 %     4       java.util.Properties$LineReader::readLine @ 53 (584 bytes)

VM state: not at safepoint (normal execution)

VM Mutex/Monitor currently owned by a thread:  ([mutex/lock_event])
[0x0000012a190b5010] Metaspace_lock - owner thread: 0x0000012a190b9d80

Heap address: 0x0000000081c00000, size: 2020 MB, Compressed Oops mode: 32-bit

CDS archive(s) mapped at: [0x0000000800000000-0x0000000800bc0000-0x0000000800bc0000), size 12320768, SharedBaseAddress: 0x0000000800000000, ArchiveRelocationMode: 0.
Compressed class space mapped at: 0x0000000800c00000-0x0000000840c00000, reserved size: 1073741824
Narrow klass base: 0x0000000800000000, Narrow klass shift: 0, Narrow klass range: 0x100000000

GC Precious Log:
 CPUs: 4 total, 4 available
 Memory: 8072M
 Large Page Support: Disabled
 NUMA Support: Disabled
 Compressed Oops: Enabled (32-bit)
 Heap Region Size: 1M
 Heap Min Capacity: 8M
 Heap Initial Capacity: 128M
 Heap Max Capacity: 2020M
 Pre-touch: Disabled
 Parallel Workers: 4
 Concurrent Workers: 1
 Concurrent Refinement Workers: 4
 Periodic GC: Disabled

Heap:
 garbage-first heap   total 131072K, used 6144K [0x0000000081c00000, 0x0000000100000000)
  region size 1024K, 7 young (7168K), 0 survivors (0K)
 Metaspace       used 4931K, committed 5120K, reserved 1056768K
  class space    used 531K, committed 640K, reserved 1048576K

Heap Regions: E=young(eden), S=young(survivor), O=old, HS=humongous(starts), HC=humongous(continues), CS=collection set, F=free, OA=open archive, CA=closed archive, TAMS=top-at-mark-start (previous, next)
|   0|0x0000000081c00000, 0x0000000081c00000, 0x0000000081d00000|  0%| F|  |TAMS 0x0000000081c00000, 0x0000000081c00000| Untracked 
|   1|0x0000000081d00000, 0x0000000081d00000, 0x0000000081e00000|  0%| F|  |TAMS 0x0000000081d00000, 0x0000000081d00000| Untracked 
|   2|0x0000000081e00000, 0x0000000081e00000, 0x0000000081f00000|  0%| F|  |TAMS 0x0000000081e00000, 0x0000000081e00000| Untracked 
|   3|0x0000000081f00000, 0x0000000081f00000, 0x0000000082000000|  0%| F|  |TAMS 0x0000000081f00000, 0x0000000081f00000| Untracked 
|   4|0x0000000082000000, 0x0000000082000000, 0x0000000082100000|  0%| F|  |TAMS 0x0000000082000000, 0x0000000082000000| Untracked 
|   5|0x0000000082100000, 0x0000000082100000, 0x0000000082200000|  0%| F|  |TAMS 0x0000000082100000, 0x0000000082100000| Untracked 
|   6|0x0000000082200000, 0x0000000082200000, 0x0000000082300000|  0%| F|  |TAMS 0x0000000082200000, 0x0000000082200000| Untracked 
|   7|0x0000000082300000, 0x0000000082300000, 0x0000000082400000|  0%| F|  |TAMS 0x0000000082300000, 0x0000000082300000| Untracked 
|   8|0x0000000082400000, 0x0000000082400000, 0x0000000082500000|  0%| F|  |TAMS 0x0000000082400000, 0x0000000082400000| Untracked 
|   9|0x0000000082500000, 0x0000000082500000, 0x0000000082600000|  0%| F|  |TAMS 0x0000000082500000, 0x0000000082500000| Untracked 
|  10|0x0000000082600000, 0x0000000082600000, 0x0000000082700000|  0%| F|  |TAMS 0x0000000082600000, 0x0000000082600000| Untracked 
|  11|0x0000000082700000, 0x0000000082700000, 0x0000000082800000|  0%| F|  |TAMS 0x0000000082700000, 0x0000000082700000| Untracked 
|  12|0x0000000082800000, 0x0000000082800000, 0x0000000082900000|  0%| F|  |TAMS 0x0000000082800000, 0x0000000082800000| Untracked 
|  13|0x0000000082900000, 0x0000000082900000, 0x0000000082a00000|  0%| F|  |TAMS 0x0000000082900000, 0x0000000082900000| Untracked 
|  14|0x0000000082a00000, 0x0000000082a00000, 0x0000000082b00000|  0%| F|  |TAMS 0x0000000082a00000, 0x0000000082a00000| Untracked 
|  15|0x0000000082b00000, 0x0000000082b00000, 0x0000000082c00000|  0%| F|  |TAMS 0x0000000082b00000, 0x0000000082b00000| Untracked 
|  16|0x0000000082c00000, 0x0000000082c00000, 0x0000000082d00000|  0%| F|  |TAMS 0x0000000082c00000, 0x0000000082c00000| Untracked 
|  17|0x0000000082d00000, 0x0000000082d00000, 0x0000000082e00000|  0%| F|  |TAMS 0x0000000082d00000, 0x0000000082d00000| Untracked 
|  18|0x0000000082e00000, 0x0000000082e00000, 0x0000000082f00000|  0%| F|  |TAMS 0x0000000082e00000, 0x0000000082e00000| Untracked 
|  19|0x0000000082f00000, 0x0000000082f00000, 0x0000000083000000|  0%| F|  |TAMS 0x0000000082f00000, 0x0000000082f00000| Untracked 
|  20|0x0000000083000000, 0x0000000083000000, 0x0000000083100000|  0%| F|  |TAMS 0x0000000083000000, 0x0000000083000000| Untracked 
|  21|0x0000000083100000, 0x0000000083100000, 0x0000000083200000|  0%| F|  |TAMS 0x0000000083100000, 0x0000000083100000| Untracked 
|  22|0x0000000083200000, 0x0000000083200000, 0x0000000083300000|  0%| F|  |TAMS 0x0000000083200000, 0x0000000083200000| Untracked 
|  23|0x0000000083300000, 0x0000000083300000, 0x0000000083400000|  0%| F|  |TAMS 0x0000000083300000, 0x0000000083300000| Untracked 
|  24|0x0000000083400000, 0x0000000083400000, 0x0000000083500000|  0%| F|  |TAMS 0x0000000083400000, 0x0000000083400000| Untracked 
|  25|0x0000000083500000, 0x0000000083500000, 0x0000000083600000|  0%| F|  |TAMS 0x0000000083500000, 0x0000000083500000| Untracked 
|  26|0x0000000083600000, 0x0000000083600000, 0x0000000083700000|  0%| F|  |TAMS 0x0000000083600000, 0x0000000083600000| Untracked 
|  27|0x0000000083700000, 0x0000000083700000, 0x0000000083800000|  0%| F|  |TAMS 0x0000000083700000, 0x0000000083700000| Untracked 
|  28|0x0000000083800000, 0x0000000083800000, 0x0000000083900000|  0%| F|  |TAMS 0x0000000083800000, 0x0000000083800000| Untracked 
|  29|0x0000000083900000, 0x0000000083900000, 0x0000000083a00000|  0%| F|  |TAMS 0x0000000083900000, 0x0000000083900000| Untracked 
|  30|0x0000000083a00000, 0x0000000083a00000, 0x0000000083b00000|  0%| F|  |TAMS 0x0000000083a00000, 0x0000000083a00000| Untracked 
|  31|0x0000000083b00000, 0x0000000083b00000, 0x0000000083c00000|  0%| F|  |TAMS 0x0000000083b00000, 0x0000000083b00000| Untracked 
|  32|0x0000000083c00000, 0x0000000083c00000, 0x0000000083d00000|  0%| F|  |TAMS 0x0000000083c00000, 0x0000000083c00000| Untracked 
|  33|0x0000000083d00000, 0x0000000083d00000, 0x0000000083e00000|  0%| F|  |TAMS 0x0000000083d00000, 0x0000000083d00000| Untracked 
|  34|0x0000000083e00000, 0x0000000083e00000, 0x0000000083f00000|  0%| F|  |TAMS 0x0000000083e00000, 0x0000000083e00000| Untracked 
|  35|0x0000000083f00000, 0x0000000083f00000, 0x0000000084000000|  0%| F|  |TAMS 0x0000000083f00000, 0x0000000083f00000| Untracked 
|  36|0x0000000084000000, 0x0000000084000000, 0x0000000084100000|  0%| F|  |TAMS 0x0000000084000000, 0x0000000084000000| Untracked 
|  37|0x0000000084100000, 0x0000000084100000, 0x0000000084200000|  0%| F|  |TAMS 0x0000000084100000, 0x0000000084100000| Untracked 
|  38|0x0000000084200000, 0x0000000084200000, 0x0000000084300000|  0%| F|  |TAMS 0x0000000084200000, 0x0000000084200000| Untracked 
|  39|0x0000000084300000, 0x0000000084300000, 0x0000000084400000|  0%| F|  |TAMS 0x0000000084300000, 0x0000000084300000| Untracked 
|  40|0x0000000084400000, 0x0000000084400000, 0x0000000084500000|  0%| F|  |TAMS 0x0000000084400000, 0x0000000084400000| Untracked 
|  41|0x0000000084500000, 0x0000000084500000, 0x0000000084600000|  0%| F|  |TAMS 0x0000000084500000, 0x0000000084500000| Untracked 
|  42|0x0000000084600000, 0x0000000084600000, 0x0000000084700000|  0%| F|  |TAMS 0x0000000084600000, 0x0000000084600000| Untracked 
|  43|0x0000000084700000, 0x0000000084700000, 0x0000000084800000|  0%| F|  |TAMS 0x0000000084700000, 0x0000000084700000| Untracked 
|  44|0x0000000084800000, 0x0000000084800000, 0x0000000084900000|  0%| F|  |TAMS 0x0000000084800000, 0x0000000084800000| Untracked 
|  45|0x0000000084900000, 0x0000000084900000, 0x0000000084a00000|  0%| F|  |TAMS 0x0000000084900000, 0x0000000084900000| Untracked 
|  46|0x0000000084a00000, 0x0000000084a00000, 0x0000000084b00000|  0%| F|  |TAMS 0x0000000084a00000, 0x0000000084a00000| Untracked 
|  47|0x0000000084b00000, 0x0000000084b00000, 0x0000000084c00000|  0%| F|  |TAMS 0x0000000084b00000, 0x0000000084b00000| Untracked 
|  48|0x0000000084c00000, 0x0000000084c00000, 0x0000000084d00000|  0%| F|  |TAMS 0x0000000084c00000, 0x0000000084c00000| Untracked 
|  49|0x0000000084d00000, 0x0000000084d00000, 0x0000000084e00000|  0%| F|  |TAMS 0x0000000084d00000, 0x0000000084d00000| Untracked 
|  50|0x0000000084e00000, 0x0000000084e00000, 0x0000000084f00000|  0%| F|  |TAMS 0x0000000084e00000, 0x0000000084e00000| Untracked 
|  51|0x0000000084f00000, 0x0000000084f00000, 0x0000000085000000|  0%| F|  |TAMS 0x0000000084f00000, 0x0000000084f00000| Untracked 
|  52|0x0000000085000000, 0x0000000085000000, 0x0000000085100000|  0%| F|  |TAMS 0x0000000085000000, 0x0000000085000000| Untracked 
|  53|0x0000000085100000, 0x0000000085100000, 0x0000000085200000|  0%| F|  |TAMS 0x0000000085100000, 0x0000000085100000| Untracked 
|  54|0x0000000085200000, 0x0000000085200000, 0x0000000085300000|  0%| F|  |TAMS 0x0000000085200000, 0x0000000085200000| Untracked 
|  55|0x0000000085300000, 0x0000000085300000, 0x0000000085400000|  0%| F|  |TAMS 0x0000000085300000, 0x0000000085300000| Untracked 
|  56|0x0000000085400000, 0x0000000085400000, 0x0000000085500000|  0%| F|  |TAMS 0x0000000085400000, 0x0000000085400000| Untracked 
|  57|0x0000000085500000, 0x0000000085500000, 0x0000000085600000|  0%| F|  |TAMS 0x0000000085500000, 0x0000000085500000| Untracked 
|  58|0x0000000085600000, 0x0000000085600000, 0x0000000085700000|  0%| F|  |TAMS 0x0000000085600000, 0x0000000085600000| Untracked 
|  59|0x0000000085700000, 0x0000000085700000, 0x0000000085800000|  0%| F|  |TAMS 0x0000000085700000, 0x0000000085700000| Untracked 
|  60|0x0000000085800000, 0x0000000085800000, 0x0000000085900000|  0%| F|  |TAMS 0x0000000085800000, 0x0000000085800000| Untracked 
|  61|0x0000000085900000, 0x0000000085900000, 0x0000000085a00000|  0%| F|  |TAMS 0x0000000085900000, 0x0000000085900000| Untracked 
|  62|0x0000000085a00000, 0x0000000085a00000, 0x0000000085b00000|  0%| F|  |TAMS 0x0000000085a00000, 0x0000000085a00000| Untracked 
|  63|0x0000000085b00000, 0x0000000085b00000, 0x0000000085c00000|  0%| F|  |TAMS 0x0000000085b00000, 0x0000000085b00000| Untracked 
|  64|0x0000000085c00000, 0x0000000085c00000, 0x0000000085d00000|  0%| F|  |TAMS 0x0000000085c00000, 0x0000000085c00000| Untracked 
|  65|0x0000000085d00000, 0x0000000085d00000, 0x0000000085e00000|  0%| F|  |TAMS 0x0000000085d00000, 0x0000000085d00000| Untracked 
|  66|0x0000000085e00000, 0x0000000085e00000, 0x0000000085f00000|  0%| F|  |TAMS 0x0000000085e00000, 0x0000000085e00000| Untracked 
|  67|0x0000000085f00000, 0x0000000085f00000, 0x0000000086000000|  0%| F|  |TAMS 0x0000000085f00000, 0x0000000085f00000| Untracked 
|  68|0x0000000086000000, 0x0000000086000000, 0x0000000086100000|  0%| F|  |TAMS 0x0000000086000000, 0x0000000086000000| Untracked 
|  69|0x0000000086100000, 0x0000000086100000, 0x0000000086200000|  0%| F|  |TAMS 0x0000000086100000, 0x0000000086100000| Untracked 
|  70|0x0000000086200000, 0x0000000086200000, 0x0000000086300000|  0%| F|  |TAMS 0x0000000086200000, 0x0000000086200000| Untracked 
|  71|0x0000000086300000, 0x0000000086300000, 0x0000000086400000|  0%| F|  |TAMS 0x0000000086300000, 0x0000000086300000| Untracked 
|  72|0x0000000086400000, 0x0000000086400000, 0x0000000086500000|  0%| F|  |TAMS 0x0000000086400000, 0x0000000086400000| Untracked 
|  73|0x0000000086500000, 0x0000000086500000, 0x0000000086600000|  0%| F|  |TAMS 0x0000000086500000, 0x0000000086500000| Untracked 
|  74|0x0000000086600000, 0x0000000086600000, 0x0000000086700000|  0%| F|  |TAMS 0x0000000086600000, 0x0000000086600000| Untracked 
|  75|0x0000000086700000, 0x0000000086700000, 0x0000000086800000|  0%| F|  |TAMS 0x0000000086700000, 0x0000000086700000| Untracked 
|  76|0x0000000086800000, 0x0000000086800000, 0x0000000086900000|  0%| F|  |TAMS 0x0000000086800000, 0x0000000086800000| Untracked 
|  77|0x0000000086900000, 0x0000000086900000, 0x0000000086a00000|  0%| F|  |TAMS 0x0000000086900000, 0x0000000086900000| Untracked 
|  78|0x0000000086a00000, 0x0000000086a00000, 0x0000000086b00000|  0%| F|  |TAMS 0x0000000086a00000, 0x0000000086a00000| Untracked 
|  79|0x0000000086b00000, 0x0000000086b00000, 0x0000000086c00000|  0%| F|  |TAMS 0x0000000086b00000, 0x0000000086b00000| Untracked 
|  80|0x0000000086c00000, 0x0000000086c00000, 0x0000000086d00000|  0%| F|  |TAMS 0x0000000086c00000, 0x0000000086c00000| Untracked 
|  81|0x0000000086d00000, 0x0000000086d00000, 0x0000000086e00000|  0%| F|  |TAMS 0x0000000086d00000, 0x0000000086d00000| Untracked 
|  82|0x0000000086e00000, 0x0000000086e00000, 0x0000000086f00000|  0%| F|  |TAMS 0x0000000086e00000, 0x0000000086e00000| Untracked 
|  83|0x0000000086f00000, 0x0000000086f00000, 0x0000000087000000|  0%| F|  |TAMS 0x0000000086f00000, 0x0000000086f00000| Untracked 
|  84|0x0000000087000000, 0x0000000087000000, 0x0000000087100000|  0%| F|  |TAMS 0x0000000087000000, 0x0000000087000000| Untracked 
|  85|0x0000000087100000, 0x0000000087100000, 0x0000000087200000|  0%| F|  |TAMS 0x0000000087100000, 0x0000000087100000| Untracked 
|  86|0x0000000087200000, 0x0000000087200000, 0x0000000087300000|  0%| F|  |TAMS 0x0000000087200000, 0x0000000087200000| Untracked 
|  87|0x0000000087300000, 0x0000000087300000, 0x0000000087400000|  0%| F|  |TAMS 0x0000000087300000, 0x0000000087300000| Untracked 
|  88|0x0000000087400000, 0x0000000087400000, 0x0000000087500000|  0%| F|  |TAMS 0x0000000087400000, 0x0000000087400000| Untracked 
|  89|0x0000000087500000, 0x0000000087500000, 0x0000000087600000|  0%| F|  |TAMS 0x0000000087500000, 0x0000000087500000| Untracked 
|  90|0x0000000087600000, 0x0000000087600000, 0x0000000087700000|  0%| F|  |TAMS 0x0000000087600000, 0x0000000087600000| Untracked 
|  91|0x0000000087700000, 0x0000000087700000, 0x0000000087800000|  0%| F|  |TAMS 0x0000000087700000, 0x0000000087700000| Untracked 
|  92|0x0000000087800000, 0x0000000087800000, 0x0000000087900000|  0%| F|  |TAMS 0x0000000087800000, 0x0000000087800000| Untracked 
|  93|0x0000000087900000, 0x0000000087900000, 0x0000000087a00000|  0%| F|  |TAMS 0x0000000087900000, 0x0000000087900000| Untracked 
|  94|0x0000000087a00000, 0x0000000087a00000, 0x0000000087b00000|  0%| F|  |TAMS 0x0000000087a00000, 0x0000000087a00000| Untracked 
|  95|0x0000000087b00000, 0x0000000087b00000, 0x0000000087c00000|  0%| F|  |TAMS 0x0000000087b00000, 0x0000000087b00000| Untracked 
|  96|0x0000000087c00000, 0x0000000087c00000, 0x0000000087d00000|  0%| F|  |TAMS 0x0000000087c00000, 0x0000000087c00000| Untracked 
|  97|0x0000000087d00000, 0x0000000087d00000, 0x0000000087e00000|  0%| F|  |TAMS 0x0000000087d00000, 0x0000000087d00000| Untracked 
|  98|0x0000000087e00000, 0x0000000087e00000, 0x0000000087f00000|  0%| F|  |TAMS 0x0000000087e00000, 0x0000000087e00000| Untracked 
|  99|0x0000000087f00000, 0x0000000087f00000, 0x0000000088000000|  0%| F|  |TAMS 0x0000000087f00000, 0x0000000087f00000| Untracked 
| 100|0x0000000088000000, 0x0000000088000000, 0x0000000088100000|  0%| F|  |TAMS 0x0000000088000000, 0x0000000088000000| Untracked 
| 101|0x0000000088100000, 0x0000000088100000, 0x0000000088200000|  0%| F|  |TAMS 0x0000000088100000, 0x0000000088100000| Untracked 
| 102|0x0000000088200000, 0x0000000088200000, 0x0000000088300000|  0%| F|  |TAMS 0x0000000088200000, 0x0000000088200000| Untracked 
| 103|0x0000000088300000, 0x0000000088300000, 0x0000000088400000|  0%| F|  |TAMS 0x0000000088300000, 0x0000000088300000| Untracked 
| 104|0x0000000088400000, 0x0000000088400000, 0x0000000088500000|  0%| F|  |TAMS 0x0000000088400000, 0x0000000088400000| Untracked 
| 105|0x0000000088500000, 0x0000000088500000, 0x0000000088600000|  0%| F|  |TAMS 0x0000000088500000, 0x0000000088500000| Untracked 
| 106|0x0000000088600000, 0x0000000088600000, 0x0000000088700000|  0%| F|  |TAMS 0x0000000088600000, 0x0000000088600000| Untracked 
| 107|0x0000000088700000, 0x0000000088700000, 0x0000000088800000|  0%| F|  |TAMS 0x0000000088700000, 0x0000000088700000| Untracked 
| 108|0x0000000088800000, 0x0000000088800000, 0x0000000088900000|  0%| F|  |TAMS 0x0000000088800000, 0x0000000088800000| Untracked 
| 109|0x0000000088900000, 0x0000000088900000, 0x0000000088a00000|  0%| F|  |TAMS 0x0000000088900000, 0x0000000088900000| Untracked 
| 110|0x0000000088a00000, 0x0000000088a00000, 0x0000000088b00000|  0%| F|  |TAMS 0x0000000088a00000, 0x0000000088a00000| Untracked 
| 111|0x0000000088b00000, 0x0000000088b00000, 0x0000000088c00000|  0%| F|  |TAMS 0x0000000088b00000, 0x0000000088b00000| Untracked 
| 112|0x0000000088c00000, 0x0000000088c00000, 0x0000000088d00000|  0%| F|  |TAMS 0x0000000088c00000, 0x0000000088c00000| Untracked 
| 113|0x0000000088d00000, 0x0000000088d00000, 0x0000000088e00000|  0%| F|  |TAMS 0x0000000088d00000, 0x0000000088d00000| Untracked 
| 114|0x0000000088e00000, 0x0000000088e00000, 0x0000000088f00000|  0%| F|  |TAMS 0x0000000088e00000, 0x0000000088e00000| Untracked 
| 115|0x0000000088f00000, 0x0000000088f00000, 0x0000000089000000|  0%| F|  |TAMS 0x0000000088f00000, 0x0000000088f00000| Untracked 
| 116|0x0000000089000000, 0x0000000089000000, 0x0000000089100000|  0%| F|  |TAMS 0x0000000089000000, 0x0000000089000000| Untracked 
| 117|0x0000000089100000, 0x0000000089100000, 0x0000000089200000|  0%| F|  |TAMS 0x0000000089100000, 0x0000000089100000| Untracked 
| 118|0x0000000089200000, 0x0000000089200000, 0x0000000089300000|  0%| F|  |TAMS 0x0000000089200000, 0x0000000089200000| Untracked 
| 119|0x0000000089300000, 0x0000000089300000, 0x0000000089400000|  0%| F|  |TAMS 0x0000000089300000, 0x0000000089300000| Untracked 
| 120|0x0000000089400000, 0x0000000089400000, 0x0000000089500000|  0%| F|  |TAMS 0x0000000089400000, 0x0000000089400000| Untracked 
| 121|0x0000000089500000, 0x0000000089543320, 0x0000000089600000| 26%| E|  |TAMS 0x0000000089500000, 0x0000000089500000| Complete 
| 122|0x0000000089600000, 0x0000000089700000, 0x0000000089700000|100%| E|CS|TAMS 0x0000000089600000, 0x0000000089600000| Complete 
| 123|0x0000000089700000, 0x0000000089800000, 0x0000000089800000|100%| E|CS|TAMS 0x0000000089700000, 0x0000000089700000| Complete 
| 124|0x0000000089800000, 0x0000000089900000, 0x0000000089900000|100%| E|CS|TAMS 0x0000000089800000, 0x0000000089800000| Complete 
| 125|0x0000000089900000, 0x0000000089a00000, 0x0000000089a00000|100%| E|CS|TAMS 0x0000000089900000, 0x0000000089900000| Complete 
| 126|0x0000000089a00000, 0x0000000089b00000, 0x0000000089b00000|100%| E|CS|TAMS 0x0000000089a00000, 0x0000000089a00000| Complete 
| 127|0x0000000089b00000, 0x0000000089c00000, 0x0000000089c00000|100%| E|CS|TAMS 0x0000000089b00000, 0x0000000089b00000| Complete 

Card table byte_map: [0x0000012a31b40000,0x0000012a31f40000] _byte_map_base: 0x0000012a31732000

Marking Bits (Prev, Next): (CMBitMap*) 0x0000012a190fb650, (CMBitMap*) 0x0000012a190fb690
 Prev Bits: [0x0000012a32340000, 0x0000012a342d0000)
 Next Bits: [0x0000012a342d0000, 0x0000012a36260000)

Polling page: 0x0000012a18f60000

Metaspace:

Usage:
  Non-class:      4.30 MB used.
      Class:    531.99 KB used.
       Both:      4.82 MB used.

Virtual space:
  Non-class space:        8.00 MB reserved,       4.38 MB ( 55%) committed,  1 nodes.
      Class space:        1.00 GB reserved,     640.00 KB ( <1%) committed,  1 nodes.
             Both:        1.01 GB reserved,       5.00 MB ( <1%) committed. 

Chunk freelists:
   Non-Class:  3.60 MB
       Class:  3.22 MB
        Both:  6.82 MB

MaxMetaspaceSize: unlimited
CompressedClassSpaceSize: 1.00 GB
Initial GC threshold: 21.00 MB
Current GC threshold: 21.00 MB
CDS: on
MetaspaceReclaimPolicy: balanced
 - commit_granule_bytes: 65536.
 - commit_granule_words: 8192.
 - virtual_space_node_default_size: 1048576.
 - enlarge_chunks_in_place: 1.
 - new_chunks_are_fully_committed: 0.
 - uncommit_free_chunks: 1.
 - use_allocation_guard: 0.
 - handle_deallocations: 1.


Internal statistics:

num_allocs_failed_limit: 0.
num_arena_births: 108.
num_arena_deaths: 0.
num_vsnodes_births: 2.
num_vsnodes_deaths: 0.
num_space_committed: 80.
num_space_uncommitted: 0.
num_chunks_returned_to_freelist: 0.
num_chunks_taken_from_freelist: 157.
num_chunk_merges: 0.
num_chunk_splits: 92.
num_chunks_enlarged: 38.
num_purges: 0.
num_inconsistent_stats: 0.

CodeHeap 'non-profiled nmethods': size=120000Kb used=183Kb max_used=183Kb free=119816Kb
 bounds [0x0000012a29bf0000, 0x0000012a29e60000, 0x0000012a31120000]
CodeHeap 'profiled nmethods': size=120000Kb used=955Kb max_used=955Kb free=119044Kb
 bounds [0x0000012a226c0000, 0x0000012a22930000, 0x0000012a29bf0000]
CodeHeap 'non-nmethods': size=5760Kb used=1207Kb max_used=1207Kb free=4552Kb
 bounds [0x0000012a22120000, 0x0000012a22390000, 0x0000012a226c0000]
 total_blobs=1163 nmethods=648 adapters=428
 compilation: enabled
              stopped_count=0, restarted_count=0
 full_count=0

Compilation events (20 events):
Event: 0.541 Thread 0x0000012a387eeaf0 nmethod 624 0x0000012a227a2290 code [0x0000012a227a2440, 0x0000012a227a26b8]
Event: 0.541 Thread 0x0000012a387eeaf0  623       3       java.util.concurrent.ConcurrentHashMap$EntryIterator::next (51 bytes)
Event: 0.541 Thread 0x0000012a387eeaf0 nmethod 623 0x0000012a227a2790 code [0x0000012a227a2960, 0x0000012a227a2e18]
Event: 0.542 Thread 0x0000012a387eeaf0  625       3       jdk.internal.loader.BuiltinClassLoader::moduleReaderFor (45 bytes)
Event: 0.542 Thread 0x0000012a387eeaf0 nmethod 625 0x0000012a227a2f90 code [0x0000012a227a3180, 0x0000012a227a3878]
Event: 0.542 Thread 0x0000012a387eeaf0  626       3       jdk.internal.jimage.BasicImageReader::getLocationIndex (52 bytes)
Event: 0.543 Thread 0x0000012a387eeaf0 nmethod 626 0x0000012a227a3a10 code [0x0000012a227a3c00, 0x0000012a227a4098]
Event: 0.543 Thread 0x0000012a387eeaf0  627       3       jdk.internal.jimage.ImageStringsReader::hashCode (8 bytes)
Event: 0.543 Thread 0x0000012a387eeaf0 nmethod 627 0x0000012a227a4310 code [0x0000012a227a44c0, 0x0000012a227a4678]
Event: 0.543 Thread 0x0000012a387eeaf0  628       3       jdk.internal.jimage.ImageReader::verifyLocation (14 bytes)
Event: 0.544 Thread 0x0000012a387eeaf0 nmethod 628 0x0000012a227a4790 code [0x0000012a227a4960, 0x0000012a227a4c98]
Event: 0.544 Thread 0x0000012a387eeaf0  629       3       jdk.internal.jimage.BasicImageReader::verifyLocation (39 bytes)
Event: 0.544 Thread 0x0000012a387eeaf0 nmethod 629 0x0000012a227a4e10 code [0x0000012a227a4fe0, 0x0000012a227a52a8]
Event: 0.544 Thread 0x0000012a387eeaf0  630       3       java.lang.ref.WeakReference::<init> (7 bytes)
Event: 0.545 Thread 0x0000012a387eeaf0 nmethod 630 0x0000012a227a5410 code [0x0000012a227a55c0, 0x0000012a227a5898]
Event: 0.545 Thread 0x0000012a387eeaf0  631       3       java.lang.StringLatin1::indexOf (121 bytes)
Event: 0.546 Thread 0x0000012a387eeaf0 nmethod 631 0x0000012a227a5990 code [0x0000012a227a5b60, 0x0000012a227a6058]
Event: 0.546 Thread 0x0000012a387eeaf0  632       3       jdk.internal.module.SystemModuleFinders$SystemModuleReader::containsImageLocation (42 bytes)
Event: 0.547 Thread 0x0000012a387eeaf0 nmethod 632 0x0000012a227a6290 code [0x0000012a227a64a0, 0x0000012a227a6b38]
Event: 0.547 Thread 0x0000012a387eeaf0  633       3       jdk.internal.jimage.ImageLocation::verifyName (161 bytes)

GC Heap History (0 events):
No events

Deoptimization events (4 events):
Event: 0.158 Thread 0x0000012a190b9d80 Uncommon trap: trap_request=0xffffff45 fr.pc=0x0000012a29bfe5b0 relative=0x0000000000000850
Event: 0.158 Thread 0x0000012a190b9d80 Uncommon trap: reason=unstable_if action=reinterpret pc=0x0000012a29bfe5b0 method=java.util.HashMap.putVal(ILjava/lang/Object;Ljava/lang/Object;ZZ)Ljava/lang/Object; @ 81 c2
Event: 0.158 Thread 0x0000012a190b9d80 DEOPT PACKING pc=0x0000012a29bfe5b0 sp=0x000000054effe2a0
Event: 0.158 Thread 0x0000012a190b9d80 DEOPT UNPACKING pc=0x0000012a221723a3 sp=0x000000054effe240 mode 2

Classes unloaded (0 events):
No events

Classes redefined (0 events):
No events

Internal exceptions (15 events):
Event: 0.107 Thread 0x0000012a190b9d80 Exception <a 'sun/nio/fs/WindowsException'{0x0000000089a30948}> (0x0000000089a30948) 
thrown [t:\workspace\open\src\hotspot\share\prims\jni.cpp, line 516]
Event: 0.108 Thread 0x0000012a190b9d80 Exception <a 'sun/nio/fs/WindowsException'{0x0000000089a30ec8}> (0x0000000089a30ec8) 
thrown [t:\workspace\open\src\hotspot\share\prims\jni.cpp, line 516]
Event: 0.109 Thread 0x0000012a190b9d80 Exception <a 'sun/nio/fs/WindowsException'{0x0000000089a33360}> (0x0000000089a33360) 
thrown [t:\workspace\open\src\hotspot\share\prims\jni.cpp, line 516]
Event: 0.110 Thread 0x0000012a190b9d80 Exception <a 'sun/nio/fs/WindowsException'{0x0000000089a33e68}> (0x0000000089a33e68) 
thrown [t:\workspace\open\src\hotspot\share\prims\jni.cpp, line 516]
Event: 0.187 Thread 0x0000012a190b9d80 Exception <a 'java/lang/ClassNotFoundException'{0x0000000089905218}: sun/awt/resources/spi/awtProvider> (0x0000000089905218) 
thrown [t:\workspace\open\src\hotspot\share\classfile\systemDictionary.cpp, line 256]
Event: 0.223 Thread 0x0000012a190b9d80 Exception <a 'java/io/FileNotFoundException'{0x0000000089958448}> (0x0000000089958448) 
thrown [t:\workspace\open\src\hotspot\share\prims\jni.cpp, line 516]
Event: 0.234 Thread 0x0000012a190b9d80 Exception <a 'java/io/FileNotFoundException'{0x0000000089985340}> (0x0000000089985340) 
thrown [t:\workspace\open\src\hotspot\share\prims\jni.cpp, line 516]
Event: 0.294 Thread 0x0000012a190b9d80 Exception <a 'java/lang/NoSuchMethodError'{0x00000000899c9a10}: 'java.lang.Object java.lang.invoke.DirectMethodHandle$Holder.invokeStaticInit(java.lang.Object)'> (0x00000000899c9a10) 
thrown [t:\workspace\open\src\hotspot\share\interpreter\linkResolver.cpp, line 766]
Event: 0.347 Thread 0x0000012a190b9d80 Exception <a 'java/lang/NoSuchMethodError'{0x0000000089856aa8}: 'void java.lang.invoke.DirectMethodHandle$Holder.invokeSpecial(java.lang.Object, java.lang.Object, java.lang.Object)'> (0x0000000089856aa8) 
thrown [t:\workspace\open\src\hotspot\share\interpreter\linkResolver.cpp, line 766]
Event: 0.363 Thread 0x0000012a190b9d80 Exception <a 'java/lang/NoSuchMethodError'{0x0000000089880c80}: 'java.lang.Object java.lang.invoke.DirectMethodHandle$Holder.newInvokeSpecial(java.lang.Object, java.lang.Object, java.lang.Object, java.lang.Object, java.lang.Object)'> (0x0000000089880c80) 
thrown [t:\workspace\open\src\hotspot\share\interpreter\linkResolver.cpp, line 766]
Event: 0.368 Thread 0x0000012a190b9d80 Exception <a 'java/lang/NoSuchMethodError'{0x000000008988cc50}: 'java.lang.Object java.lang.invoke.DirectMethodHandle$Holder.invokeStatic(java.lang.Object, int, java.lang.Object, java.lang.Object, java.lang.Object, java.lang.Object)'> (0x000000008988cc50) 
thrown [t:\workspace\open\src\hotspot\share\interpreter\linkResolver.cpp, line 766]
Event: 0.377 Thread 0x0000012a190b9d80 Exception <a 'java/lang/NoSuchMethodError'{0x00000000898b2410}: 'java.lang.Object java.lang.invoke.DirectMethodHandle$Holder.invokeStatic(java.lang.Object, int, java.lang.Object)'> (0x00000000898b2410) 
thrown [t:\workspace\open\src\hotspot\share\interpreter\linkResolver.cpp, line 766]
Event: 0.422 Thread 0x0000012a190b9d80 Exception <a 'java/lang/ClassNotFoundException'{0x000000008976a7f0}: com/sun/swing/internal/plaf/metal/resources/spi/metalProvider> (0x000000008976a7f0) 
thrown [t:\workspace\open\src\hotspot\share\classfile\systemDictionary.cpp, line 256]
Event: 0.424 Thread 0x0000012a190b9d80 Exception <a 'java/lang/ClassNotFoundException'{0x000000008976e698}: com/sun/swing/internal/plaf/basic/resources/spi/basicProvider> (0x000000008976e698) 
thrown [t:\workspace\open\src\hotspot\share\classfile\systemDictionary.cpp, line 256]
Event: 0.504 Thread 0x0000012a190b9d80 Exception <a 'java/lang/NoSuchMethodError'{0x000000008966c6b8}: 'java.lang.Object java.lang.invoke.DirectMethodHandle$Holder.invokeInterface(java.lang.Object, java.lang.Object)'> (0x000000008966c6b8) 
thrown [t:\workspace\open\src\hotspot\share\interpreter\linkResolver.cpp, line 766]

VM Operations (4 events):
Event: 0.112 Executing VM operation: HandshakeAllThreads
Event: 0.112 Executing VM operation: HandshakeAllThreads done
Event: 0.466 Executing VM operation: HandshakeAllThreads
Event: 0.466 Executing VM operation: HandshakeAllThreads done

Events (20 events):
Event: 0.508 loading class java/util/stream/Nodes$SpinedNodeBuilder
Event: 0.508 loading class java/util/stream/Node$Builder
Event: 0.508 loading class java/util/stream/Node$Builder done
Event: 0.508 loading class java/util/stream/SpinedBuffer
Event: 0.508 loading class java/util/stream/AbstractSpinedBuffer
Event: 0.508 loading class java/util/stream/AbstractSpinedBuffer done
Event: 0.508 loading class java/util/stream/SpinedBuffer done
Event: 0.508 loading class java/util/stream/Nodes$SpinedNodeBuilder done
Event: 0.510 loading class java/util/zip/ZipFile$ZipEntryIterator
Event: 0.510 loading class java/util/zip/ZipFile$ZipEntryIterator done
Event: 0.510 loading class java/util/ResourceBundle$Control$2
Event: 0.510 loading class java/util/ResourceBundle$Control$2 done
Event: 0.512 loading class java/util/PropertyResourceBundle
Event: 0.512 loading class java/util/PropertyResourceBundle done
Event: 0.513 loading class sun/util/PropertyResourceBundleCharset
Event: 0.513 loading class sun/util/PropertyResourceBundleCharset done
Event: 0.513 loading class sun/util/PropertyResourceBundleCharset$PropertiesFileDecoder
Event: 0.513 loading class sun/util/PropertyResourceBundleCharset$PropertiesFileDecoder done
Event: 0.547 loading class java/text/MessageFormat
Event: 0.550 loading class java/text/MessageFormat done


Dynamic libraries:
0x00007ff67c130000 - 0x00007ff67c140000 	C:\Program Files\Java\jdk-17.0.2\bin\java.exe
0x00007ffdc6270000 - 0x00007ffdc6468000 	C:\Windows\SYSTEM32\ntdll.dll
0x00007ffdc5590000 - 0x00007ffdc564d000 	C:\Windows\System32\KERNEL32.DLL
0x00007ffdc3d80000 - 0x00007ffdc4076000 	C:\Windows\System32\KERNELBASE.dll
0x00007ffdc3950000 - 0x00007ffdc3a50000 	C:\Windows\System32\ucrtbase.dll
0x00007ffdafeb0000 - 0x00007ffdafeca000 	C:\Program Files\Java\jdk-17.0.2\bin\VCRUNTIME140.dll
0x00007ffdb9e90000 - 0x00007ffdb9ea8000 	C:\Program Files\Java\jdk-17.0.2\bin\jli.dll
0x00007ffdc6180000 - 0x00007ffdc622f000 	C:\Windows\System32\ADVAPI32.dll
0x00007ffdc4c00000 - 0x00007ffdc4c9e000 	C:\Windows\System32\msvcrt.dll
0x00007ffdc6060000 - 0x00007ffdc60fc000 	C:\Windows\System32\sechost.dll
0x00007ffdc5f10000 - 0x00007ffdc6036000 	C:\Windows\System32\RPCRT4.dll
0x00007ffdc48e0000 - 0x00007ffdc4a7e000 	C:\Windows\System32\USER32.dll
0x00007ffdc3aa0000 - 0x00007ffdc3ac2000 	C:\Windows\System32\win32u.dll
0x00007ffdc5ee0000 - 0x00007ffdc5f0c000 	C:\Windows\System32\GDI32.dll
0x00007ffdc3c60000 - 0x00007ffdc3d7a000 	C:\Windows\System32\gdi32full.dll
0x00007ffdc4080000 - 0x00007ffdc411d000 	C:\Windows\System32\msvcp_win.dll
0x00007ffdaf790000 - 0x00007ffdafa2a000 	C:\Windows\WinSxS\amd64_microsoft.windows.common-controls_6595b64144ccf1df_6.0.19041.3636_none_60b6a03d71f818d5\COMCTL32.dll
0x00007ffdb8840000 - 0x00007ffdb884a000 	C:\Windows\SYSTEM32\VERSION.dll
0x00007ffdc4b60000 - 0x00007ffdc4b90000 	C:\Windows\System32\IMM32.DLL
0x00007ffdc0e50000 - 0x00007ffdc0e5c000 	C:\Program Files\Java\jdk-17.0.2\bin\vcruntime140_1.dll
0x00007ffdaf5d0000 - 0x00007ffdaf65d000 	C:\Program Files\Java\jdk-17.0.2\bin\msvcp140.dll
0x00007ffd6df20000 - 0x00007ffd6eae1000 	C:\Program Files\Java\jdk-17.0.2\bin\server\jvm.dll
0x00007ffdc4460000 - 0x00007ffdc4468000 	C:\Windows\System32\PSAPI.DLL
0x00007ffda9ef0000 - 0x00007ffda9ef9000 	C:\Windows\SYSTEM32\WSOCK32.dll
0x00007ffdc4b90000 - 0x00007ffdc4bfb000 	C:\Windows\System32\WS2_32.dll
0x00007ffda8d70000 - 0x00007ffda8d97000 	C:\Windows\SYSTEM32\WINMM.dll
0x00007ffdc21d0000 - 0x00007ffdc21e2000 	C:\Windows\SYSTEM32\kernel.appcore.dll
0x00007ffdafd70000 - 0x00007ffdafd7a000 	C:\Program Files\Java\jdk-17.0.2\bin\jimage.dll
0x00007ffdc1f80000 - 0x00007ffdc2164000 	C:\Windows\SYSTEM32\DBGHELP.DLL
0x00007ffdb8680000 - 0x00007ffdb86b4000 	C:\Windows\SYSTEM32\dbgcore.DLL
0x00007ffdc4190000 - 0x00007ffdc4212000 	C:\Windows\System32\bcryptPrimitives.dll
0x00007ffdafd80000 - 0x00007ffdafda5000 	C:\Program Files\Java\jdk-17.0.2\bin\java.dll
0x00007ffdaf690000 - 0x00007ffdaf766000 	C:\Program Files\Java\jdk-17.0.2\bin\jsvml.dll
0x00007ffdc4de0000 - 0x00007ffdc5524000 	C:\Windows\System32\SHELL32.dll
0x00007ffdc1720000 - 0x00007ffdc1ebb000 	C:\Windows\SYSTEM32\windows.storage.dll
0x00007ffdc5920000 - 0x00007ffdc5c74000 	C:\Windows\System32\combase.dll
0x00007ffdc32c0000 - 0x00007ffdc32ed000 	C:\Windows\SYSTEM32\Wldp.dll
0x00007ffdc5e30000 - 0x00007ffdc5edd000 	C:\Windows\System32\SHCORE.dll
0x00007ffdc4d70000 - 0x00007ffdc4dc5000 	C:\Windows\System32\shlwapi.dll
0x00007ffdc3880000 - 0x00007ffdc38a5000 	C:\Windows\SYSTEM32\profapi.dll
0x00007ffdafd50000 - 0x00007ffdafd69000 	C:\Program Files\Java\jdk-17.0.2\bin\net.dll
0x00007ffdb3e50000 - 0x00007ffdb3f5a000 	C:\Windows\SYSTEM32\WINHTTP.dll
0x00007ffdc3020000 - 0x00007ffdc308a000 	C:\Windows\system32\mswsock.dll
0x00007ffdafd30000 - 0x00007ffdafd46000 	C:\Program Files\Java\jdk-17.0.2\bin\nio.dll
0x00007ffdaf670000 - 0x00007ffdaf688000 	C:\Program Files\Java\jdk-17.0.2\bin\zip.dll
0x00007ffd6f0d0000 - 0x00007ffd6f25f000 	C:\Program Files\Java\jdk-17.0.2\bin\awt.dll
0x00007ffdc4ca0000 - 0x00007ffdc4d6d000 	C:\Windows\System32\OLEAUT32.dll
0x00007ffdc0730000 - 0x00007ffdc07c0000 	C:\Windows\SYSTEM32\apphelp.dll
0x00007ffdc1110000 - 0x00007ffdc113f000 	C:\Windows\system32\DWMAPI.DLL
0x00007ffdc0980000 - 0x00007ffdc0a1e000 	C:\Windows\system32\uxtheme.dll
0x00007ffda3bd0000 - 0x00007ffda3cf5000 	C:\Windows\system32\opengl32.dll
0x00007ffdaf210000 - 0x00007ffdaf23c000 	C:\Windows\SYSTEM32\GLU32.dll
0x00007ffdc5710000 - 0x00007ffdc5824000 	C:\Windows\System32\MSCTF.dll
0x00007ffdc42d0000 - 0x00007ffdc43fb000 	C:\Windows\System32\ole32.dll

dbghelp: loaded successfully - version: 4.0.5 - missing functions: none
symbol engine: initialized successfully - sym options: 0x614 - pdb path: .;C:\Program Files\Java\jdk-17.0.2\bin;C:\Windows\SYSTEM32;C:\Windows\WinSxS\amd64_microsoft.windows.common-controls_6595b64144ccf1df_6.0.19041.3636_none_60b6a03d71f818d5;C:\Program Files\Java\jdk-17.0.2\bin\server

VM Arguments:
jvm_args: -Dfile.encoding=UTF-8 --module-path=C:\Users\hp\Documents\NetBeansProjects\Electricity Billing System\build\classes 
java_command: electricity.billing.system.ViewInformation
java_class_path (initial): C:\Users\hp\Downloads\mysql-connector-java-8.0.28.jar;C:\Users\hp\Downloads\rs2xml.jar-20231124T154923Z-001.zip;C:\Users\hp\Downloads\rs2xml.jar;C:\Users\hp\Documents\NetBeansProjects\Electricity Billing System\build\classes
Launcher Type: SUN_STANDARD

[Global flags]
     intx CICompilerCount                          = 3                                         {product} {ergonomic}
     uint ConcGCThreads                            = 1                                         {product} {ergonomic}
     uint G1ConcRefinementThreads                  = 4                                         {product} {ergonomic}
   size_t G1HeapRegionSize                         = 1048576                                   {product} {ergonomic}
    uintx GCDrainStackTargetSize                   = 64                                        {product} {ergonomic}
   size_t InitialHeapSize                          = 134217728                                 {product} {ergonomic}
   size_t MarkStackSize                            = 4194304                                   {product} {ergonomic}
   size_t MaxHeapSize                              = 2118123520                                {product} {ergonomic}
   size_t MaxNewSize                               = 1270874112                                {product} {ergonomic}
   size_t MinHeapDeltaBytes                        = 1048576                                   {product} {ergonomic}
   size_t MinHeapSize                              = 8388608                                   {product} {ergonomic}
    uintx NonNMethodCodeHeapSize                   = 5832780                                {pd product} {ergonomic}
    uintx NonProfiledCodeHeapSize                  = 122912730                              {pd product} {ergonomic}
    uintx ProfiledCodeHeapSize                     = 122912730                              {pd product} {ergonomic}
    uintx ReservedCodeCacheSize                    = 251658240                              {pd product} {ergonomic}
     bool SegmentedCodeCache                       = true                                      {product} {ergonomic}
   size_t SoftMaxHeapSize                          = 2118123520                             {manageable} {ergonomic}
     bool UseCompressedClassPointers               = true                           {product lp64_product} {ergonomic}
     bool UseCompressedOops                        = true                           {product lp64_product} {ergonomic}
     bool UseG1GC                                  = true                                      {product} {ergonomic}
     bool UseLargePagesIndividualAllocation        = false                                  {pd product} {ergonomic}

Logging:
Log output configuration:
 #0: stdout all=warning uptime,level,tags
 #1: stderr all=off uptime,level,tags

Environment Variables:
PATH=C:\Program Files\Common Files\Oracle\Java\javapath;C:\Windows\system32;C:\Windows;C:\Windows\System32\Wbem;C:\Windows\System32\WindowsPowerShell\v1.0\;C:\Windows\System32\OpenSSH\;C:\Program Files\Java\jdk-17.0.2\bin;C:\Program Files\MySQL\MySQL Shell 8.0\bin\;C:\Users\hp\AppData\Local\Microsoft\WindowsApps;
USERNAME=hp
OS=Windows_NT
PROCESSOR_IDENTIFIER=Intel64 Family 6 Model 78 Stepping 3, GenuineIntel



---------------  S Y S T E M  ---------------

OS:
 Windows 10 , 64 bit Build 19041 (10.0.19041.3636)
OS uptime: 12 days 3:34 hours

CPU: total 4 (initial active 4) (2 cores per cpu, 2 threads per core) family 6 model 78 stepping 3 microcode 0xcc, cx8, cmov, fxsr, ht, mmx, 3dnowpref, sse, sse2, sse3, ssse3, sse4.1, sse4.2, popcnt, lzcnt, tsc, tscinvbit, avx, avx2, aes, erms, clmul, bmi1, bmi2, rtm, adx, fma, vzeroupper, clflush, clflushopt

Memory: 4k page, system-wide physical 8072M (431M free)
TotalPageFile size 23260M (AvailPageFile size 3M)
current process WorkingSet (physical memory assigned to process): 50M, peak: 50M
current process commit charge ("private bytes"): 211M, peak: 211M

vm_info: Java HotSpot(TM) 64-Bit Server VM (17.0.2+8-LTS-86) for windows-amd64 JRE (17.0.2+8-LTS-86), built on Dec  7 2021 21:51:03 by "mach5one" with MS VC++ 16.8 / 16.9 (VS2019)

END.
